This is pdfTeX, Version 3.141592653-2.6-1.40.24 (TeX Live 2022/Arch Linux) (preloaded format=pdflatex 2022.11.12)  11 JAN 2023 13:20
entering extended mode
 restricted \write18 enabled.
 %&-line parsing enabled.
**document.tex
(./document.tex
LaTeX2e <2021-11-15> patch level 1
L3 programming layer <2022-04-10>
(/usr/share/texmf-dist/tex/latex/base/article.cls
Document Class: article 2021/10/04 v1.4n Standard LaTeX document class
(/usr/share/texmf-dist/tex/latex/base/size10.clo
File: size10.clo 2021/10/04 v1.4n Standard LaTeX file (size option)
)
\c@part=\count185
\c@section=\count186
\c@subsection=\count187
\c@subsubsection=\count188
\c@paragraph=\count189
\c@subparagraph=\count190
\c@figure=\count191
\c@table=\count192
\abovecaptionskip=\skip47
\belowcaptionskip=\skip48
\bibindent=\dimen138
)
(/usr/share/texmf-dist/tex/latex/base/inputenc.sty
Package: inputenc 2021/02/14 v1.3d Input encoding file
\inpenc@prehook=\toks16
\inpenc@posthook=\toks17
)
(/usr/share/texmf-dist/tex/generic/babel/babel.sty
Package: babel 2022/02/26 3.73 The Babel package
\babel@savecnt=\count193
\U@D=\dimen139
\l@unhyphenated=\language87

(/usr/share/texmf-dist/tex/generic/babel/txtbabel.def)
\bbl@readstream=\read2
\bbl@dirlevel=\count194

(/usr/share/texmf-dist/tex/generic/babel-english/english.ldf
Language: english 2017/06/06 v3.3r English support from the babel system
Package babel Info: Hyphen rules for 'canadian' set to \l@english
(babel)             (\language0). Reported on input line 102.
Package babel Info: Hyphen rules for 'australian' set to \l@ukenglish
(babel)             (\language21). Reported on input line 105.
Package babel Info: Hyphen rules for 'newzealand' set to \l@ukenglish
(babel)             (\language21). Reported on input line 108.
))
(/usr/share/texmf-dist/tex/latex/psnfss/courier.sty
Package: courier 2020/03/25 PSNFSS-v9.3 (WaS) 
)
(/usr/share/texmf-dist/tex/latex/fontawesome/fontawesome.sty
Package: fontawesome 2016/05/15 v4.6.3.1 font awesome icons

(/usr/share/texmf-dist/tex/generic/iftex/ifxetex.sty
Package: ifxetex 2019/10/25 v0.7 ifxetex legacy package. Use iftex instead.

(/usr/share/texmf-dist/tex/generic/iftex/iftex.sty
Package: iftex 2022/02/03 v1.0f TeX engine tests
))
(/usr/share/texmf-dist/tex/generic/iftex/ifluatex.sty
Package: ifluatex 2019/10/25 v1.5 ifluatex legacy package. Use iftex instead.
)
(/usr/share/texmf-dist/tex/latex/fontawesome/fontawesomesymbols-generic.tex)
(/usr/share/texmf-dist/tex/latex/fontawesome/fontawesomesymbols-pdftex.tex))
(/usr/share/texmf-dist/tex/latex/setspace/setspace.sty
Package: setspace 2011/12/19 v6.7a set line spacing
)
(/usr/share/texmf-dist/tex/latex/ragged2e/ragged2e.sty
Package: ragged2e 2021/12/15 v3.1 ragged2e Package

(/usr/share/texmf-dist/tex/latex/footmisc/footmisc.sty
Package: footmisc 2022/03/08 v6.0d a miscellany of footnote facilities
\FN@temptoken=\toks18
\footnotemargin=\dimen140
\@outputbox@depth=\dimen141
Package footmisc Info: Declaring symbol style bringhurst on input line 695.
Package footmisc Info: Declaring symbol style chicago on input line 703.
Package footmisc Info: Declaring symbol style wiley on input line 712.
Package footmisc Info: Declaring symbol style lamport-robust on input line 723.

Package footmisc Info: Declaring symbol style lamport* on input line 743.
Package footmisc Info: Declaring symbol style lamport*-robust on input line 764
.
)
\CenteringLeftskip=\skip49
\RaggedLeftLeftskip=\skip50
\RaggedRightLeftskip=\skip51
\CenteringRightskip=\skip52
\RaggedLeftRightskip=\skip53
\RaggedRightRightskip=\skip54
\CenteringParfillskip=\skip55
\RaggedLeftParfillskip=\skip56
\RaggedRightParfillskip=\skip57
\JustifyingParfillskip=\skip58
\CenteringParindent=\skip59
\RaggedLeftParindent=\skip60
\RaggedRightParindent=\skip61
\JustifyingParindent=\skip62
)
(/usr/share/texmf-dist/tex/latex/enumitem/enumitem.sty
Package: enumitem 2019/06/20 v3.9 Customized lists
\enitkv@toks@=\toks19
\labelindent=\skip63
\enit@outerparindent=\dimen142
\enit@toks=\toks20
\enit@inbox=\box50
\enit@count@id=\count195
\enitdp@description=\count196
)
(/usr/share/texmf-dist/tex/latex/geometry/geometry.sty
Package: geometry 2020/01/02 v5.9 Page Geometry

(/usr/share/texmf-dist/tex/latex/graphics/keyval.sty
Package: keyval 2014/10/28 v1.15 key=value parser (DPC)
\KV@toks@=\toks21
)
(/usr/share/texmf-dist/tex/generic/iftex/ifvtex.sty
Package: ifvtex 2019/10/25 v1.7 ifvtex legacy package. Use iftex instead.
)
\Gm@cnth=\count197
\Gm@cntv=\count198
\c@Gm@tempcnt=\count199
\Gm@bindingoffset=\dimen143
\Gm@wd@mp=\dimen144
\Gm@odd@mp=\dimen145
\Gm@even@mp=\dimen146
\Gm@layoutwidth=\dimen147
\Gm@layoutheight=\dimen148
\Gm@layouthoffset=\dimen149
\Gm@layoutvoffset=\dimen150
\Gm@dimlist=\toks22
)

Package geometry Warning: Over-specification in `h'-direction.
    `width' (483.69684pt) is ignored.


Package geometry Warning: Over-specification in `v'-direction.
    `height' (731.23582pt) is ignored.

(/usr/share/texmf-dist/tex/latex/lineno/lineno.sty
Package: lineno 2005/11/02 line numbers on paragraphs v4.41
\linenopenalty=\count266
\output=\toks23
\linenoprevgraf=\count267
\linenumbersep=\dimen151
\linenumberwidth=\dimen152
\c@linenumber=\count268
\c@pagewiselinenumber=\count269
\c@LN@truepage=\count270


Package lineno Warning: Option [displaymath] is obsolete -- default now!.

\c@internallinenumber=\count271
\c@internallinenumbers=\count272
\quotelinenumbersep=\dimen153
\bframerule=\dimen154
\bframesep=\dimen155
\bframebox=\box51
LaTeX Info: Redefining \\ on input line 3056.
) (/usr/share/texmf-dist/tex/latex/microtype/microtype.sty
Package: microtype 2022/03/14 v3.0d Micro-typographical refinements (RS)

(/usr/share/texmf-dist/tex/latex/etoolbox/etoolbox.sty
Package: etoolbox 2020/10/05 v2.5k e-TeX tools for LaTeX (JAW)
\etb@tempcnta=\count273
)
\MT@toks=\toks24
\MT@tempbox=\box52
\MT@count=\count274
LaTeX Info: Redefining \noprotrusionifhmode on input line 1027.
LaTeX Info: Redefining \leftprotrusion on input line 1028.
LaTeX Info: Redefining \rightprotrusion on input line 1036.
LaTeX Info: Redefining \textls on input line 1195.
\MT@outer@kern=\dimen156
LaTeX Info: Redefining \textmicrotypecontext on input line 1781.
\MT@listname@count=\count275

(/usr/share/texmf-dist/tex/latex/microtype/microtype-pdftex.def
File: microtype-pdftex.def 2022/03/14 v3.0d Definitions specific to pdftex (RS)

LaTeX Info: Redefining \lsstyle on input line 900.
LaTeX Info: Redefining \lslig on input line 900.
\MT@outer@space=\skip64
)
Package microtype Info: Loading configuration file microtype.cfg.

(/usr/share/texmf-dist/tex/latex/microtype/microtype.cfg
File: microtype.cfg 2022/03/14 v3.0d microtype main configuration file (RS)
))
(/usr/share/texmf-dist/tex/latex/tools/verbatim.sty
Package: verbatim 2020-07-07 v1.5u LaTeX2e package for verbatim enhancements
\every@verbatim=\toks25
\verbatim@line=\toks26
\verbatim@in@stream=\read3
)
(/usr/share/texmf-dist/tex/latex/type1cm/type1cm.sty
Package: type1cm 2002/09/05 v0.04 BlueSky/Y&Y Type1 CM font definitions (DPC, p
atched RF)
)
(/usr/share/texmf-dist/tex/latex/lettrine/lettrine.sty
File: lettrine.sty 2020-03-14 v2.23 (Daniel Flipo)

(/usr/share/texmf-dist/tex/generic/minifp/minifp.sty
Package: minifp 2013/12/30 v0.96. Macros for real number operations and a stack
-based programing language.
\MFP@loopctr=\count276
)
\c@DefaultLines=\count277
\c@DefaultDepth=\count278
\DefaultFindent=\dimen157
\DefaultNindent=\dimen158
\DefaultSlope=\dimen159
\DiscardVskip=\dimen160
\L@lbox=\box53
\L@tbox=\box54
\c@L@lines=\count279
\c@L@depth=\count280
\L@Pindent=\dimen161
\L@Findent=\dimen162
\L@Nindent=\dimen163
\L@lraise=\dimen164
\L@first=\dimen165
\L@next=\dimen166
\L@slope=\dimen167
\L@height=\dimen168
\L@novskip=\dimen169
\L@target@ht=\dimen170
\L@target@dp=\dimen171
\L@target@tht=\dimen172
\LettrineWidth=\dimen173
\LettrineHeight=\dimen174
\LettrineDepth=\dimen175
\Llist@everypar=\toks27

Loading lettrine.cfg
(/usr/share/texmf-dist/tex/latex/lettrine/lettrine.cfg))
(/usr/share/texmf-dist/tex/latex/adjustbox/adjustbox.sty
Package: adjustbox 2020/08/19 v1.3 Adjusting TeX boxes (trim, clip, ...)

(/usr/share/texmf-dist/tex/latex/xkeyval/xkeyval.sty
Package: xkeyval 2020/11/20 v2.8 package option processing (HA)

(/usr/share/texmf-dist/tex/generic/xkeyval/xkeyval.tex
(/usr/share/texmf-dist/tex/generic/xkeyval/xkvutils.tex
\XKV@toks=\toks28
\XKV@tempa@toks=\toks29
)
\XKV@depth=\count281
File: xkeyval.tex 2014/12/03 v2.7a key=value parser (HA)
))
(/usr/share/texmf-dist/tex/latex/adjustbox/adjcalc.sty
Package: adjcalc 2012/05/16 v1.1 Provides advanced setlength with multiple back
-ends (calc, etex, pgfmath)
)
(/usr/share/texmf-dist/tex/latex/adjustbox/trimclip.sty
Package: trimclip 2020/08/19 v1.2 Trim and clip general TeX material

(/usr/share/texmf-dist/tex/latex/graphics/graphicx.sty
Package: graphicx 2021/09/16 v1.2d Enhanced LaTeX Graphics (DPC,SPQR)

(/usr/share/texmf-dist/tex/latex/graphics/graphics.sty
Package: graphics 2021/03/04 v1.4d Standard LaTeX Graphics (DPC,SPQR)

(/usr/share/texmf-dist/tex/latex/graphics/trig.sty
Package: trig 2021/08/11 v1.11 sin cos tan (DPC)
)
(/usr/share/texmf-dist/tex/latex/graphics-cfg/graphics.cfg
File: graphics.cfg 2016/06/04 v1.11 sample graphics configuration
)
Package graphics Info: Driver file: pdftex.def on input line 107.

(/usr/share/texmf-dist/tex/latex/graphics-def/pdftex.def
File: pdftex.def 2020/10/05 v1.2a Graphics/color driver for pdftex
))
\Gin@req@height=\dimen176
\Gin@req@width=\dimen177
)
(/usr/share/texmf-dist/tex/latex/collectbox/collectbox.sty
Package: collectbox 2012/05/17 v0.4b Collect macro arguments as boxes
\collectedbox=\box55
)
\tc@llx=\dimen178
\tc@lly=\dimen179
\tc@urx=\dimen180
\tc@ury=\dimen181
Package trimclip Info: Using driver 'tc-pdftex.def'.

(/usr/share/texmf-dist/tex/latex/adjustbox/tc-pdftex.def
File: tc-pdftex.def 2019/01/04 v2.2 Clipping driver for pdftex
))
\adjbox@Width=\dimen182
\adjbox@Height=\dimen183
\adjbox@Depth=\dimen184
\adjbox@Totalheight=\dimen185
\adjbox@pwidth=\dimen186
\adjbox@pheight=\dimen187
\adjbox@pdepth=\dimen188
\adjbox@ptotalheight=\dimen189

(/usr/share/texmf-dist/tex/latex/ifoddpage/ifoddpage.sty
Package: ifoddpage 2016/04/23 v1.1 Conditionals for odd/even page detection
\c@checkoddpage=\count282
)
(/usr/share/texmf-dist/tex/latex/varwidth/varwidth.sty
Package: varwidth 2009/03/30 ver 0.92;  Variable-width minipages
\@vwid@box=\box56
\sift@deathcycles=\count283
\@vwid@loff=\dimen190
\@vwid@roff=\dimen191
))
(/usr/share/texmf-dist/tex/latex/changepage/changepage.sty
Package: changepage 2009/10/20 v1.0c check page and change page layout
\c@cp@cntr=\count284
\cp@tempcnt=\count285
LaTeX Info: Redefining \checkoddpage on input line 59.
)
(/usr/share/texmf-dist/tex/latex/titlesec/titlesec.sty
Package: titlesec 2021/07/05 v2.14 Sectioning titles
\ttl@box=\box57
\beforetitleunit=\skip65
\aftertitleunit=\skip66
\ttl@plus=\dimen192
\ttl@minus=\dimen193
\ttl@toksa=\toks30
\titlewidth=\dimen194
\titlewidthlast=\dimen195
\titlewidthfirst=\dimen196
)
(/usr/share/texmf-dist/tex/latex/hyperref/hyperref.sty
Package: hyperref 2022-02-21 v7.00n Hypertext links for LaTeX

(/usr/share/texmf-dist/tex/generic/ltxcmds/ltxcmds.sty
Package: ltxcmds 2020-05-10 v1.25 LaTeX kernel commands for general use (HO)
)
(/usr/share/texmf-dist/tex/generic/pdftexcmds/pdftexcmds.sty
Package: pdftexcmds 2020-06-27 v0.33 Utility functions of pdfTeX for LuaTeX (HO
)

(/usr/share/texmf-dist/tex/generic/infwarerr/infwarerr.sty
Package: infwarerr 2019/12/03 v1.5 Providing info/warning/error messages (HO)
)
Package pdftexcmds Info: \pdf@primitive is available.
Package pdftexcmds Info: \pdf@ifprimitive is available.
Package pdftexcmds Info: \pdfdraftmode found.
)
(/usr/share/texmf-dist/tex/generic/kvsetkeys/kvsetkeys.sty
Package: kvsetkeys 2019/12/15 v1.18 Key value parser (HO)
)
(/usr/share/texmf-dist/tex/generic/kvdefinekeys/kvdefinekeys.sty
Package: kvdefinekeys 2019-12-19 v1.6 Define keys (HO)
)
(/usr/share/texmf-dist/tex/generic/pdfescape/pdfescape.sty
Package: pdfescape 2019/12/09 v1.15 Implements pdfTeX's escape features (HO)
)
(/usr/share/texmf-dist/tex/latex/hycolor/hycolor.sty
Package: hycolor 2020-01-27 v1.10 Color options for hyperref/bookmark (HO)
)
(/usr/share/texmf-dist/tex/latex/letltxmacro/letltxmacro.sty
Package: letltxmacro 2019/12/03 v1.6 Let assignment for LaTeX macros (HO)
)
(/usr/share/texmf-dist/tex/latex/auxhook/auxhook.sty
Package: auxhook 2019-12-17 v1.6 Hooks for auxiliary files (HO)
)
(/usr/share/texmf-dist/tex/latex/kvoptions/kvoptions.sty
Package: kvoptions 2020-10-07 v3.14 Key value format for package options (HO)
)
\@linkdim=\dimen197
\Hy@linkcounter=\count286
\Hy@pagecounter=\count287

(/usr/share/texmf-dist/tex/latex/hyperref/pd1enc.def
File: pd1enc.def 2022-02-21 v7.00n Hyperref: PDFDocEncoding definition (HO)
Now handling font encoding PD1 ...
... no UTF-8 mapping file for font encoding PD1
)
(/usr/share/texmf-dist/tex/generic/intcalc/intcalc.sty
Package: intcalc 2019/12/15 v1.3 Expandable calculations with integers (HO)
)
(/usr/share/texmf-dist/tex/generic/etexcmds/etexcmds.sty
Package: etexcmds 2019/12/15 v1.7 Avoid name clashes with e-TeX commands (HO)
)
\Hy@SavedSpaceFactor=\count288

(/usr/share/texmf-dist/tex/latex/hyperref/puenc.def
File: puenc.def 2022-02-21 v7.00n Hyperref: PDF Unicode definition (HO)
Now handling font encoding PU ...
... no UTF-8 mapping file for font encoding PU
)
Package hyperref Info: Hyper figures OFF on input line 4137.
Package hyperref Info: Link nesting OFF on input line 4142.
Package hyperref Info: Hyper index ON on input line 4145.
Package hyperref Info: Plain pages OFF on input line 4152.
Package hyperref Info: Backreferencing OFF on input line 4157.
Package hyperref Info: Implicit mode ON; LaTeX internals redefined.
Package hyperref Info: Bookmarks ON on input line 4390.
\c@Hy@tempcnt=\count289

(/usr/share/texmf-dist/tex/latex/url/url.sty
\Urlmuskip=\muskip16
Package: url 2013/09/16  ver 3.4  Verb mode for urls, etc.
)
LaTeX Info: Redefining \url on input line 4749.
\XeTeXLinkMargin=\dimen198

(/usr/share/texmf-dist/tex/generic/bitset/bitset.sty
Package: bitset 2019/12/09 v1.3 Handle bit-vector datatype (HO)

(/usr/share/texmf-dist/tex/generic/bigintcalc/bigintcalc.sty
Package: bigintcalc 2019/12/15 v1.5 Expandable calculations on big integers (HO
)
))
\Fld@menulength=\count290
\Field@Width=\dimen199
\Fld@charsize=\dimen256
Package hyperref Info: Hyper figures OFF on input line 6027.
Package hyperref Info: Link nesting OFF on input line 6032.
Package hyperref Info: Hyper index ON on input line 6035.
Package hyperref Info: backreferencing OFF on input line 6042.
Package hyperref Info: Link coloring OFF on input line 6047.
Package hyperref Info: Link coloring with OCG OFF on input line 6052.
Package hyperref Info: PDF/A mode OFF on input line 6057.
LaTeX Info: Redefining \ref on input line 6097.
LaTeX Info: Redefining \pageref on input line 6101.

(/usr/share/texmf-dist/tex/latex/base/atbegshi-ltx.sty
Package: atbegshi-ltx 2021/01/10 v1.0c Emulation of the original atbegshi
package with kernel methods
)
\Hy@abspage=\count291
\c@Item=\count292
\c@Hfootnote=\count293
)
Package hyperref Info: Driver (autodetected): hpdftex.

(/usr/share/texmf-dist/tex/latex/hyperref/hpdftex.def
File: hpdftex.def 2022-02-21 v7.00n Hyperref driver for pdfTeX

(/usr/share/texmf-dist/tex/latex/base/atveryend-ltx.sty
Package: atveryend-ltx 2020/08/19 v1.0a Emulation of the original atveryend pac
kage
with kernel methods
)
\Fld@listcount=\count294
\c@bookmark@seq@number=\count295

(/usr/share/texmf-dist/tex/latex/rerunfilecheck/rerunfilecheck.sty
Package: rerunfilecheck 2019/12/05 v1.9 Rerun checks for auxiliary files (HO)

(/usr/share/texmf-dist/tex/generic/uniquecounter/uniquecounter.sty
Package: uniquecounter 2019/12/15 v1.4 Provide unlimited unique counter (HO)
)
Package uniquecounter Info: New unique counter `rerunfilecheck' on input line 2
86.
)
\Hy@SectionHShift=\skip67
)
Package hyperref Info: Option `colorlinks' set `true' on input line 165.

(/usr/share/texmf-dist/tex/latex/fancyhdr/fancyhdr.sty
Package: fancyhdr 2021/01/28 v4.0.1 Extensive control of page headers and foote
rs
\f@nch@headwidth=\skip68
\f@nch@O@elh=\skip69
\f@nch@O@erh=\skip70
\f@nch@O@olh=\skip71
\f@nch@O@orh=\skip72
\f@nch@O@elf=\skip73
\f@nch@O@erf=\skip74
\f@nch@O@olf=\skip75
\f@nch@O@orf=\skip76
)
(/usr/share/texmf-dist/tex/latex/xcolor/xcolor.sty
Package: xcolor 2021/10/31 v2.13 LaTeX color extensions (UK)

(/usr/share/texmf-dist/tex/latex/graphics-cfg/color.cfg
File: color.cfg 2016/01/02 v1.6 sample color configuration
)
Package xcolor Info: Driver file: pdftex.def on input line 227.
Package xcolor Info: Model `cmy' substituted by `cmy0' on input line 1352.
Package xcolor Info: Model `hsb' substituted by `rgb' on input line 1356.
Package xcolor Info: Model `RGB' extended on input line 1368.
Package xcolor Info: Model `HTML' substituted by `rgb' on input line 1370.
Package xcolor Info: Model `Hsb' substituted by `hsb' on input line 1371.
Package xcolor Info: Model `tHsb' substituted by `hsb' on input line 1372.
Package xcolor Info: Model `HSB' substituted by `hsb' on input line 1373.
Package xcolor Info: Model `Gray' substituted by `gray' on input line 1374.
Package xcolor Info: Model `wave' substituted by `hsb' on input line 1375.
)
(/usr/share/texmf-dist/tex/latex/colortbl/colortbl.sty
Package: colortbl 2020/01/04 v1.0e Color table columns (DPC)

(/usr/share/texmf-dist/tex/latex/tools/array.sty
Package: array 2021/10/04 v2.5f Tabular extension package (FMi)
\col@sep=\dimen257
\ar@mcellbox=\box58
\extrarowheight=\dimen258
\NC@list=\toks31
\extratabsurround=\skip77
\backup@length=\skip78
\ar@cellbox=\box59
)
\everycr=\toks32
\minrowclearance=\skip79
)
(/usr/share/texmf-dist/tex/latex/booktabs/booktabs.sty
Package: booktabs 2020/01/12 v1.61803398 Publication quality tables
\heavyrulewidth=\dimen259
\lightrulewidth=\dimen260
\cmidrulewidth=\dimen261
\belowrulesep=\dimen262
\belowbottomsep=\dimen263
\aboverulesep=\dimen264
\abovetopsep=\dimen265
\cmidrulesep=\dimen266
\cmidrulekern=\dimen267
\defaultaddspace=\dimen268
\@cmidla=\count296
\@cmidlb=\count297
\@aboverulesep=\dimen269
\@belowrulesep=\dimen270
\@thisruleclass=\count298
\@lastruleclass=\count299
\@thisrulewidth=\dimen271
)
(/usr/share/texmf-dist/tex/latex/multirow/multirow.sty
Package: multirow 2021/03/15 v2.8 Span multiple rows of a table
\multirow@colwidth=\skip80
\multirow@cntb=\count300
\multirow@dima=\skip81
\bigstrutjot=\dimen272
)
(/usr/share/texmf-dist/tex/latex/tools/tabularx.sty
Package: tabularx 2020/01/15 v2.11c `tabularx' package (DPC)
\TX@col@width=\dimen273
\TX@old@table=\dimen274
\TX@old@col=\dimen275
\TX@target=\dimen276
\TX@delta=\dimen277
\TX@cols=\count301
\TX@ftn=\toks33
)
(/usr/share/texmf-dist/tex/latex/xtab/xtab.sty
Package: xtab 2011/07/31 v2.3f Extended supertabular package
\c@tracingst=\count302
\PWSTcapht=\dimen278
\ST@wd=\dimen279
\ST@rightskip=\skip82
\ST@leftskip=\skip83
\ST@parfillskip=\skip84
\c@PWSTtable=\count303
\PWSTlastpage=\count304
\PWSTpenultimate=\count305
\PWSTcurpage=\count306
\PWSTtempc=\count307
\PWSTlines=\count308
\PWST@lastht=\dimen280
\PWST@generalht=\dimen281
\PWST@ht=\dimen282
\ST@pageleft=\dimen283
\ST@headht=\dimen284
\ST@tailht=\dimen285
\ST@pagesofar=\dimen286
\ST@pboxht=\dimen287
\ST@lineht=\dimen288
\ST@stretchht=\dimen289
\ST@prevht=\dimen290
\ST@toadd=\dimen291
\ST@dimen=\dimen292
\ST@pbox=\box60
)
(/usr/share/texmf-dist/tex/latex/caption/subcaption.sty
Package: subcaption 2022/01/07 v1.5 Sub-captions (AR)

(/usr/share/texmf-dist/tex/latex/caption/caption.sty
Package: caption 2022/03/01 v3.6b Customizing captions (AR)

(/usr/share/texmf-dist/tex/latex/caption/caption3.sty
Package: caption3 2022/03/17 v2.3b caption3 kernel (AR)
\caption@tempdima=\dimen293
\captionmargin=\dimen294
\caption@leftmargin=\dimen295
\caption@rightmargin=\dimen296
\caption@width=\dimen297
\caption@indent=\dimen298
\caption@parindent=\dimen299
\caption@hangindent=\dimen300
Package caption Info: Standard document class detected.
)
\c@caption@flags=\count309
\c@continuedfloat=\count310
Package caption Info: changepage package is loaded.
\caption@adjustwidth@hsize=\dimen301
\caption@adjustwidth@linewidth=\dimen302
Package caption Info: hyperref package is loaded.
Package caption Info: xtab package is loaded.
)
\c@subfigure=\count311
\c@subtable=\count312
)
(/usr/share/texmf-dist/tex/latex/wrapfig/wrapfig.sty
\wrapoverhang=\dimen303
\WF@size=\dimen304
\c@WF@wrappedlines=\count313
\WF@box=\box61
\WF@everypar=\toks34
Package: wrapfig 2003/01/31  v 3.6
)
(/usr/share/texmf-dist/tex/latex/capt-of/capt-of.sty
Package: capt-of 2009/12/29 v0.2 standard captions outside of floats
)
(/usr/share/texmf-dist/tex/latex/float/float.sty
Package: float 2001/11/08 v1.3d Float enhancements (AL)
\c@float@type=\count314
\float@exts=\toks35
\float@box=\box62
\@float@everytoks=\toks36
\@floatcapt=\box63
)
(/usr/share/texmf-dist/tex/latex/tcolorbox/tcolorbox.sty
Package: tcolorbox 2022/01/07 version 5.0.2 text color boxes

(/usr/share/texmf-dist/tex/latex/pgf/basiclayer/pgf.sty
(/usr/share/texmf-dist/tex/latex/pgf/utilities/pgfrcs.sty
(/usr/share/texmf-dist/tex/generic/pgf/utilities/pgfutil-common.tex
\pgfutil@everybye=\toks37
\pgfutil@tempdima=\dimen305
\pgfutil@tempdimb=\dimen306

(/usr/share/texmf-dist/tex/generic/pgf/utilities/pgfutil-common-lists.tex))
(/usr/share/texmf-dist/tex/generic/pgf/utilities/pgfutil-latex.def
\pgfutil@abb=\box64
)
(/usr/share/texmf-dist/tex/generic/pgf/utilities/pgfrcs.code.tex
(/usr/share/texmf-dist/tex/generic/pgf/pgf.revision.tex)
Package: pgfrcs 2021/05/15 v3.1.9a (3.1.9a)
))
Package: pgf 2021/05/15 v3.1.9a (3.1.9a)

(/usr/share/texmf-dist/tex/latex/pgf/basiclayer/pgfcore.sty
(/usr/share/texmf-dist/tex/latex/pgf/systemlayer/pgfsys.sty
(/usr/share/texmf-dist/tex/generic/pgf/systemlayer/pgfsys.code.tex
Package: pgfsys 2021/05/15 v3.1.9a (3.1.9a)

(/usr/share/texmf-dist/tex/generic/pgf/utilities/pgfkeys.code.tex
\pgfkeys@pathtoks=\toks38
\pgfkeys@temptoks=\toks39

(/usr/share/texmf-dist/tex/generic/pgf/utilities/pgfkeysfiltered.code.tex
\pgfkeys@tmptoks=\toks40
))
\pgf@x=\dimen307
\pgf@y=\dimen308
\pgf@xa=\dimen309
\pgf@ya=\dimen310
\pgf@xb=\dimen311
\pgf@yb=\dimen312
\pgf@xc=\dimen313
\pgf@yc=\dimen314
\pgf@xd=\dimen315
\pgf@yd=\dimen316
\w@pgf@writea=\write3
\r@pgf@reada=\read4
\c@pgf@counta=\count315
\c@pgf@countb=\count316
\c@pgf@countc=\count317
\c@pgf@countd=\count318
\t@pgf@toka=\toks41
\t@pgf@tokb=\toks42
\t@pgf@tokc=\toks43
\pgf@sys@id@count=\count319

(/usr/share/texmf-dist/tex/generic/pgf/systemlayer/pgf.cfg
File: pgf.cfg 2021/05/15 v3.1.9a (3.1.9a)
)
Driver file for pgf: pgfsys-pdftex.def

(/usr/share/texmf-dist/tex/generic/pgf/systemlayer/pgfsys-pdftex.def
File: pgfsys-pdftex.def 2021/05/15 v3.1.9a (3.1.9a)

(/usr/share/texmf-dist/tex/generic/pgf/systemlayer/pgfsys-common-pdf.def
File: pgfsys-common-pdf.def 2021/05/15 v3.1.9a (3.1.9a)
)))
(/usr/share/texmf-dist/tex/generic/pgf/systemlayer/pgfsyssoftpath.code.tex
File: pgfsyssoftpath.code.tex 2021/05/15 v3.1.9a (3.1.9a)
\pgfsyssoftpath@smallbuffer@items=\count320
\pgfsyssoftpath@bigbuffer@items=\count321
)
(/usr/share/texmf-dist/tex/generic/pgf/systemlayer/pgfsysprotocol.code.tex
File: pgfsysprotocol.code.tex 2021/05/15 v3.1.9a (3.1.9a)
))
(/usr/share/texmf-dist/tex/generic/pgf/basiclayer/pgfcore.code.tex
Package: pgfcore 2021/05/15 v3.1.9a (3.1.9a)

(/usr/share/texmf-dist/tex/generic/pgf/math/pgfmath.code.tex
(/usr/share/texmf-dist/tex/generic/pgf/math/pgfmathcalc.code.tex
(/usr/share/texmf-dist/tex/generic/pgf/math/pgfmathutil.code.tex)
(/usr/share/texmf-dist/tex/generic/pgf/math/pgfmathparser.code.tex
\pgfmath@dimen=\dimen317
\pgfmath@count=\count322
\pgfmath@box=\box65
\pgfmath@toks=\toks44
\pgfmath@stack@operand=\toks45
\pgfmath@stack@operation=\toks46
)
(/usr/share/texmf-dist/tex/generic/pgf/math/pgfmathfunctions.code.tex
(/usr/share/texmf-dist/tex/generic/pgf/math/pgfmathfunctions.basic.code.tex)
(/usr/share/texmf-dist/tex/generic/pgf/math/pgfmathfunctions.trigonometric.code
.tex)
(/usr/share/texmf-dist/tex/generic/pgf/math/pgfmathfunctions.random.code.tex)
(/usr/share/texmf-dist/tex/generic/pgf/math/pgfmathfunctions.comparison.code.te
x) (/usr/share/texmf-dist/tex/generic/pgf/math/pgfmathfunctions.base.code.tex)
(/usr/share/texmf-dist/tex/generic/pgf/math/pgfmathfunctions.round.code.tex)
(/usr/share/texmf-dist/tex/generic/pgf/math/pgfmathfunctions.misc.code.tex)
(/usr/share/texmf-dist/tex/generic/pgf/math/pgfmathfunctions.integerarithmetics
.code.tex))) (/usr/share/texmf-dist/tex/generic/pgf/math/pgfmathfloat.code.tex
\c@pgfmathroundto@lastzeros=\count323
)) (/usr/share/texmf-dist/tex/generic/pgf/math/pgfint.code.tex)
(/usr/share/texmf-dist/tex/generic/pgf/basiclayer/pgfcorepoints.code.tex
File: pgfcorepoints.code.tex 2021/05/15 v3.1.9a (3.1.9a)
\pgf@picminx=\dimen318
\pgf@picmaxx=\dimen319
\pgf@picminy=\dimen320
\pgf@picmaxy=\dimen321
\pgf@pathminx=\dimen322
\pgf@pathmaxx=\dimen323
\pgf@pathminy=\dimen324
\pgf@pathmaxy=\dimen325
\pgf@xx=\dimen326
\pgf@xy=\dimen327
\pgf@yx=\dimen328
\pgf@yy=\dimen329
\pgf@zx=\dimen330
\pgf@zy=\dimen331
)
(/usr/share/texmf-dist/tex/generic/pgf/basiclayer/pgfcorepathconstruct.code.tex
File: pgfcorepathconstruct.code.tex 2021/05/15 v3.1.9a (3.1.9a)
\pgf@path@lastx=\dimen332
\pgf@path@lasty=\dimen333
) (/usr/share/texmf-dist/tex/generic/pgf/basiclayer/pgfcorepathusage.code.tex
File: pgfcorepathusage.code.tex 2021/05/15 v3.1.9a (3.1.9a)
\pgf@shorten@end@additional=\dimen334
\pgf@shorten@start@additional=\dimen335
)
(/usr/share/texmf-dist/tex/generic/pgf/basiclayer/pgfcorescopes.code.tex
File: pgfcorescopes.code.tex 2021/05/15 v3.1.9a (3.1.9a)
\pgfpic=\box66
\pgf@hbox=\box67
\pgf@layerbox@main=\box68
\pgf@picture@serial@count=\count324
)
(/usr/share/texmf-dist/tex/generic/pgf/basiclayer/pgfcoregraphicstate.code.tex
File: pgfcoregraphicstate.code.tex 2021/05/15 v3.1.9a (3.1.9a)
\pgflinewidth=\dimen336
)
(/usr/share/texmf-dist/tex/generic/pgf/basiclayer/pgfcoretransformations.code.t
ex
File: pgfcoretransformations.code.tex 2021/05/15 v3.1.9a (3.1.9a)
\pgf@pt@x=\dimen337
\pgf@pt@y=\dimen338
\pgf@pt@temp=\dimen339
) (/usr/share/texmf-dist/tex/generic/pgf/basiclayer/pgfcorequick.code.tex
File: pgfcorequick.code.tex 2021/05/15 v3.1.9a (3.1.9a)
)
(/usr/share/texmf-dist/tex/generic/pgf/basiclayer/pgfcoreobjects.code.tex
File: pgfcoreobjects.code.tex 2021/05/15 v3.1.9a (3.1.9a)
)
(/usr/share/texmf-dist/tex/generic/pgf/basiclayer/pgfcorepathprocessing.code.te
x
File: pgfcorepathprocessing.code.tex 2021/05/15 v3.1.9a (3.1.9a)
) (/usr/share/texmf-dist/tex/generic/pgf/basiclayer/pgfcorearrows.code.tex
File: pgfcorearrows.code.tex 2021/05/15 v3.1.9a (3.1.9a)
\pgfarrowsep=\dimen340
)
(/usr/share/texmf-dist/tex/generic/pgf/basiclayer/pgfcoreshade.code.tex
File: pgfcoreshade.code.tex 2021/05/15 v3.1.9a (3.1.9a)
\pgf@max=\dimen341
\pgf@sys@shading@range@num=\count325
\pgf@shadingcount=\count326
)
(/usr/share/texmf-dist/tex/generic/pgf/basiclayer/pgfcoreimage.code.tex
File: pgfcoreimage.code.tex 2021/05/15 v3.1.9a (3.1.9a)

(/usr/share/texmf-dist/tex/generic/pgf/basiclayer/pgfcoreexternal.code.tex
File: pgfcoreexternal.code.tex 2021/05/15 v3.1.9a (3.1.9a)
\pgfexternal@startupbox=\box69
))
(/usr/share/texmf-dist/tex/generic/pgf/basiclayer/pgfcorelayers.code.tex
File: pgfcorelayers.code.tex 2021/05/15 v3.1.9a (3.1.9a)
)
(/usr/share/texmf-dist/tex/generic/pgf/basiclayer/pgfcoretransparency.code.tex
File: pgfcoretransparency.code.tex 2021/05/15 v3.1.9a (3.1.9a)
) (/usr/share/texmf-dist/tex/generic/pgf/basiclayer/pgfcorepatterns.code.tex
File: pgfcorepatterns.code.tex 2021/05/15 v3.1.9a (3.1.9a)
)
(/usr/share/texmf-dist/tex/generic/pgf/basiclayer/pgfcorerdf.code.tex
File: pgfcorerdf.code.tex 2021/05/15 v3.1.9a (3.1.9a)
)))
(/usr/share/texmf-dist/tex/generic/pgf/modules/pgfmoduleshapes.code.tex
File: pgfmoduleshapes.code.tex 2021/05/15 v3.1.9a (3.1.9a)
\pgfnodeparttextbox=\box70
)
(/usr/share/texmf-dist/tex/generic/pgf/modules/pgfmoduleplot.code.tex
File: pgfmoduleplot.code.tex 2021/05/15 v3.1.9a (3.1.9a)
)
(/usr/share/texmf-dist/tex/latex/pgf/compatibility/pgfcomp-version-0-65.sty
Package: pgfcomp-version-0-65 2021/05/15 v3.1.9a (3.1.9a)
\pgf@nodesepstart=\dimen342
\pgf@nodesepend=\dimen343
)
(/usr/share/texmf-dist/tex/latex/pgf/compatibility/pgfcomp-version-1-18.sty
Package: pgfcomp-version-1-18 2021/05/15 v3.1.9a (3.1.9a)
))
(/usr/share/texmf-dist/tex/latex/environ/environ.sty
Package: environ 2014/05/04 v0.3 A new way to define environments

(/usr/share/texmf-dist/tex/latex/trimspaces/trimspaces.sty
Package: trimspaces 2009/09/17 v1.1 Trim spaces around a token list
)
\@envbody=\toks47
)
\tcb@titlebox=\box71
\tcb@upperbox=\box72
\tcb@lowerbox=\box73
\tcb@phantombox=\box74
\c@tcbbreakpart=\count327
\c@tcblayer=\count328
\c@tcolorbox@number=\count329
\tcb@temp=\box75
\tcb@temp=\box76
\tcb@temp=\box77
\tcb@temp=\box78

(/usr/share/texmf-dist/tex/latex/tcolorbox/tcbskins.code.tex
Library (tcolorbox): 'tcbskins.code.tex' version '5.0.2'
(/usr/share/texmf-dist/tex/latex/pgf/frontendlayer/tikz.sty
(/usr/share/texmf-dist/tex/latex/pgf/utilities/pgffor.sty
(/usr/share/texmf-dist/tex/latex/pgf/utilities/pgfkeys.sty
(/usr/share/texmf-dist/tex/generic/pgf/utilities/pgfkeys.code.tex))
(/usr/share/texmf-dist/tex/latex/pgf/math/pgfmath.sty
(/usr/share/texmf-dist/tex/generic/pgf/math/pgfmath.code.tex))
(/usr/share/texmf-dist/tex/generic/pgf/utilities/pgffor.code.tex
Package: pgffor 2021/05/15 v3.1.9a (3.1.9a)

(/usr/share/texmf-dist/tex/generic/pgf/math/pgfmath.code.tex)
\pgffor@iter=\dimen344
\pgffor@skip=\dimen345
\pgffor@stack=\toks48
\pgffor@toks=\toks49
))
(/usr/share/texmf-dist/tex/generic/pgf/frontendlayer/tikz/tikz.code.tex
Package: tikz 2021/05/15 v3.1.9a (3.1.9a)

(/usr/share/texmf-dist/tex/generic/pgf/libraries/pgflibraryplothandlers.code.te
x
File: pgflibraryplothandlers.code.tex 2021/05/15 v3.1.9a (3.1.9a)
\pgf@plot@mark@count=\count330
\pgfplotmarksize=\dimen346
)
\tikz@lastx=\dimen347
\tikz@lasty=\dimen348
\tikz@lastxsaved=\dimen349
\tikz@lastysaved=\dimen350
\tikz@lastmovetox=\dimen351
\tikz@lastmovetoy=\dimen352
\tikzleveldistance=\dimen353
\tikzsiblingdistance=\dimen354
\tikz@figbox=\box79
\tikz@figbox@bg=\box80
\tikz@tempbox=\box81
\tikz@tempbox@bg=\box82
\tikztreelevel=\count331
\tikznumberofchildren=\count332
\tikznumberofcurrentchild=\count333
\tikz@fig@count=\count334
 (/usr/share/texmf-dist/tex/generic/pgf/modules/pgfmodulematrix.code.tex
File: pgfmodulematrix.code.tex 2021/05/15 v3.1.9a (3.1.9a)
\pgfmatrixcurrentrow=\count335
\pgfmatrixcurrentcolumn=\count336
\pgf@matrix@numberofcolumns=\count337
)
\tikz@expandcount=\count338

(/usr/share/texmf-dist/tex/generic/pgf/frontendlayer/tikz/libraries/tikzlibrary
topaths.code.tex
File: tikzlibrarytopaths.code.tex 2021/05/15 v3.1.9a (3.1.9a)
)))
\tcb@waterbox=\box83

(/usr/share/texmf-dist/tex/latex/tcolorbox/tcbskinsjigsaw.code.tex
Library (tcolorbox): 'tcbskinsjigsaw.code.tex' version '5.0.2'
)) (/usr/share/texmf-dist/tex/latex/tcolorbox/tcbbreakable.code.tex
Library (tcolorbox): 'tcbbreakable.code.tex' version '5.0.2'
(/usr/share/texmf-dist/tex/generic/oberdiek/pdfcol.sty
Package: pdfcol 2019/12/29 v1.6 Handle new color stacks for pdfTeX (HO)
)
Package pdfcol Info: New color stack `tcb@breakable' = 1 on input line 23.
\tcb@testbox=\box84
\tcb@totalupperbox=\box85
\tcb@totallowerbox=\box86
))
(/usr/share/texmf-dist/tex/latex/listings/listings.sty
\lst@mode=\count339
\lst@gtempboxa=\box87
\lst@token=\toks50
\lst@length=\count340
\lst@currlwidth=\dimen355
\lst@column=\count341
\lst@pos=\count342
\lst@lostspace=\dimen356
\lst@width=\dimen357
\lst@newlines=\count343
\lst@lineno=\count344
\lst@maxwidth=\dimen358

(/usr/share/texmf-dist/tex/latex/listings/lstmisc.sty
File: lstmisc.sty 2020/03/24 1.8d (Carsten Heinz)
\c@lstnumber=\count345
\lst@skipnumbers=\count346
\lst@framebox=\box88
)
(/usr/share/texmf-dist/tex/latex/listings/listings.cfg
File: listings.cfg 2020/03/24 1.8d listings configuration
))
Package: listings 2020/03/24 1.8d (Carsten Heinz)

(/usr/share/texmf-dist/tex/latex/amsmath/amsmath.sty
Package: amsmath 2021/10/15 v2.17l AMS math features
\@mathmargin=\skip85

For additional information on amsmath, use the `?' option.
(/usr/share/texmf-dist/tex/latex/amsmath/amstext.sty
Package: amstext 2021/08/26 v2.01 AMS text

(/usr/share/texmf-dist/tex/latex/amsmath/amsgen.sty
File: amsgen.sty 1999/11/30 v2.0 generic functions
\@emptytoks=\toks51
\ex@=\dimen359
))
(/usr/share/texmf-dist/tex/latex/amsmath/amsbsy.sty
Package: amsbsy 1999/11/29 v1.2d Bold Symbols
\pmbraise@=\dimen360
)
(/usr/share/texmf-dist/tex/latex/amsmath/amsopn.sty
Package: amsopn 2021/08/26 v2.02 operator names
)
\inf@bad=\count347
LaTeX Info: Redefining \frac on input line 234.
\uproot@=\count348
\leftroot@=\count349
LaTeX Info: Redefining \overline on input line 399.
\classnum@=\count350
\DOTSCASE@=\count351
LaTeX Info: Redefining \ldots on input line 496.
LaTeX Info: Redefining \dots on input line 499.
LaTeX Info: Redefining \cdots on input line 620.
\Mathstrutbox@=\box89
\strutbox@=\box90
\big@size=\dimen361
LaTeX Font Info:    Redeclaring font encoding OML on input line 743.
LaTeX Font Info:    Redeclaring font encoding OMS on input line 744.
\macc@depth=\count352
\c@MaxMatrixCols=\count353
\dotsspace@=\muskip17
\c@parentequation=\count354
\dspbrk@lvl=\count355
\tag@help=\toks52
\row@=\count356
\column@=\count357
\maxfields@=\count358
\andhelp@=\toks53
\eqnshift@=\dimen362
\alignsep@=\dimen363
\tagshift@=\dimen364
\tagwidth@=\dimen365
\totwidth@=\dimen366
\lineht@=\dimen367
\@envbody=\toks54
\multlinegap=\skip86
\multlinetaggap=\skip87
\mathdisplay@stack=\toks55
LaTeX Info: Redefining \[ on input line 2938.
LaTeX Info: Redefining \] on input line 2939.
)
(/usr/share/texmf-dist/tex/latex/amsfonts/amssymb.sty
Package: amssymb 2013/01/14 v3.01 AMS font symbols

(/usr/share/texmf-dist/tex/latex/amsfonts/amsfonts.sty
Package: amsfonts 2013/01/14 v3.01 Basic AMSFonts support
\symAMSa=\mathgroup4
\symAMSb=\mathgroup5
LaTeX Font Info:    Redeclaring math symbol \hbar on input line 98.
LaTeX Font Info:    Overwriting math alphabet `\mathfrak' in version `bold'
(Font)                  U/euf/m/n --> U/euf/b/n on input line 106.
))
(/usr/share/texmf-dist/tex/latex/amscls/amsthm.sty
Package: amsthm 2020/05/29 v2.20.6
\thm@style=\toks56
\thm@bodyfont=\toks57
\thm@headfont=\toks58
\thm@notefont=\toks59
\thm@headpunct=\toks60
\thm@preskip=\skip88
\thm@postskip=\skip89
\thm@headsep=\skip90
\dth@everypar=\toks61
)
(/usr/share/texmf-dist/tex/latex/jknapltx/mathrsfs.sty
Package: mathrsfs 1996/01/01 Math RSFS package v1.0 (jk)
\symrsfs=\mathgroup6
)
\c@mydef=\count359
\c@myimage=\count360
\c@mytable=\count361

(/usr/share/texmf-dist/tex/latex/tocbibind/tocbibind.sty
Package: tocbibind 2010/10/13 v1.5k extra ToC listings
Package tocbibind Info: The document has section divisions on input line 50.


Package tocbibind Note: Using section or other style headings.

) (/usr/share/texmf-dist/tex/latex/natbib/natbib.sty
Package: natbib 2010/09/13 8.31b (PWD, AO)
\bibhang=\skip91
\bibsep=\skip92
LaTeX Info: Redefining \cite on input line 694.
\c@NAT@ctr=\count362
)
(/usr/share/texmf-dist/tex/latex/titlesec/titletoc.sty
Package: titletoc 2021/07/05 v2.14 TOC entries
\ttl@leftsep=\dimen368
)
(/usr/share/texmf-dist/tex/latex/lipsum/lipsum.sty
(/usr/share/texmf-dist/tex/latex/l3packages/l3keys2e/l3keys2e.sty
(/usr/share/texmf-dist/tex/latex/l3kernel/expl3.sty
Package: expl3 2022-04-10 L3 programming layer (loader) 

(/usr/share/texmf-dist/tex/latex/l3backend/l3backend-pdftex.def
File: l3backend-pdftex.def 2022-04-14 L3 backend support: PDF output (pdfTeX)
\l__color_backend_stack_int=\count363
\l__pdf_internal_box=\box91
))
Package: l3keys2e 2022-01-12 LaTeX2e option processing using LaTeX3 keys
)
Package: lipsum 2021-09-20 v2.7 150 paragraphs of Lorem Ipsum dummy text
\g__lipsum_par_int=\count364
\l__lipsum_a_int=\count365
\l__lipsum_b_int=\count366

(/usr/share/texmf-dist/tex/latex/lipsum/lipsum.ltd.tex))
(/usr/share/texmf-dist/tex/latex/blindtext/blindtext.sty
Package: blindtext 2012/01/06 V2.0 blindtext-Package

(/usr/share/texmf-dist/tex/latex/tools/xspace.sty
Package: xspace 2014/10/28 v1.13 Space after command names (DPC,MH)
)
\c@blindtext=\count367
\c@Blindtext=\count368
\c@blind@countparstart=\count369
\blind@countxx=\count370
\blindtext@numBlindtext=\count371
\blind@countyy=\count372
\c@blindlist=\count373
\c@blindlistlevel=\count374
\c@blindlist@level=\count375
\blind@listitem=\count376
\c@blind@listcount=\count377
\c@blind@levelcount=\count378
\blind@mathformula=\count379
\blind@Mathformula=\count380
\c@blind@randomcount=\count381
\c@blind@randommax=\count382
\c@blind@pangramcount=\count383
\c@blind@pangrammax=\count384
)
(/usr/share/texmf-dist/tex/generic/pgf/frontendlayer/tikz/libraries/tikzlibrary
arrows.code.tex
File: tikzlibraryarrows.code.tex 2021/05/15 v3.1.9a (3.1.9a)

(/usr/share/texmf-dist/tex/generic/pgf/libraries/pgflibraryarrows.code.tex
File: pgflibraryarrows.code.tex 2021/05/15 v3.1.9a (3.1.9a)
\arrowsize=\dimen369
))
(/usr/share/texmf-dist/tex/generic/pgf/frontendlayer/tikz/libraries/tikzlibrary
positioning.code.tex
File: tikzlibrarypositioning.code.tex 2021/05/15 v3.1.9a (3.1.9a)
) (./document.aux

LaTeX Warning: Label `ssec:clauses' multiply defined.

)
\openout1 = `document.aux'.

LaTeX Font Info:    Checking defaults for OML/cmm/m/it on input line 1014.
LaTeX Font Info:    ... okay on input line 1014.
LaTeX Font Info:    Checking defaults for OMS/cmsy/m/n on input line 1014.
LaTeX Font Info:    ... okay on input line 1014.
LaTeX Font Info:    Checking defaults for OT1/cmr/m/n on input line 1014.
LaTeX Font Info:    ... okay on input line 1014.
LaTeX Font Info:    Checking defaults for T1/cmr/m/n on input line 1014.
LaTeX Font Info:    ... okay on input line 1014.
LaTeX Font Info:    Checking defaults for TS1/cmr/m/n on input line 1014.
LaTeX Font Info:    ... okay on input line 1014.
LaTeX Font Info:    Checking defaults for OMX/cmex/m/n on input line 1014.
LaTeX Font Info:    ... okay on input line 1014.
LaTeX Font Info:    Checking defaults for U/cmr/m/n on input line 1014.
LaTeX Font Info:    ... okay on input line 1014.
LaTeX Font Info:    Checking defaults for PD1/pdf/m/n on input line 1014.
LaTeX Font Info:    ... okay on input line 1014.
LaTeX Font Info:    Checking defaults for PU/pdf/m/n on input line 1014.
LaTeX Font Info:    ... okay on input line 1014.
Package ragged2e Info: ABD: executing \RaggedRight on input line 1014.

*geometry* driver: auto-detecting
*geometry* detected driver: pdftex
*geometry* verbose mode - [ preamble ] result:
* driver: pdftex
* paper: a4paper
* layout: <same size as paper>
* layoutoffset:(h,v)=(0.0pt,0.0pt)
* modes: 
* h-part:(L,W,R)=(56.9055pt, 483.69687pt, 56.9055pt)
* v-part:(T,H,B)=(56.9055pt, 731.23584pt, 56.9055pt)
* \paperwidth=597.50787pt
* \paperheight=845.04684pt
* \textwidth=483.69687pt
* \textheight=731.23584pt
* \oddsidemargin=-15.36449pt
* \evensidemargin=-15.36449pt
* \topmargin=-52.36449pt
* \headheight=12.0pt
* \headsep=25.0pt
* \topskip=10.0pt
* \footskip=30.0pt
* \marginparwidth=4.0pt
* \marginparsep=10.0pt
* \columnsep=20.0pt
* \skip\footins=9.0pt plus 4.0pt minus 2.0pt
* \hoffset=0.0pt
* \voffset=0.0pt
* \mag=1000
* \@twocolumntrue
* \@twosidefalse
* \@mparswitchfalse
* \@reversemarginfalse
* (1in=72.27pt=25.4mm, 1cm=28.453pt)

LaTeX Info: Redefining \microtypecontext on input line 1014.
Package microtype Info: Applying patch `item' on input line 1014.
Package microtype Info: Applying patch `toc' on input line 1014.
Package microtype Info: Applying patch `eqnum' on input line 1014.
Package microtype Info: Applying patch `footnote' on input line 1014.
Package microtype Info: Generating PDF output.
Package microtype Info: Character protrusion enabled (level 2),
(microtype)             factor: 1100.
Package microtype Info: Using default protrusion set `alltext'.
Package microtype Info: Automatic font expansion enabled (level 2),
(microtype)             stretch: 10, shrink: 10, step: 1, non-selected.
Package microtype Info: Using default expansion set `alltext-nott'.
LaTeX Info: Redefining \showhyphens on input line 1014.
Package microtype Info: Tracking enabled.
Package microtype Info: Using default tracking set `smallcaps'.
Package microtype Info: Adjustment of interword spacing enabled.

Package microtype Warning: You are using the `ragged2e' package.
(microtype)                Adjustment of interword spacing may lead to
(microtype)                undesired results when used with `ragged2e'.
(microtype)                In this case, disable the `spacing' option.

Package microtype Info: Using default spacing set `alltext-nott'.
Package microtype Info: Adjustment of character kerning enabled.
Package microtype Info: Using default kerning set `alltext'.
(/usr/share/texmf-dist/tex/latex/microtype/mt-cmr.cfg
File: mt-cmr.cfg 2013/05/19 v2.2 microtype config. file: Computer Modern Roman 
(RS)
)

Package microtype Warning: \nonfrenchspacing is active. Adjustment of
(microtype)                interword spacing will disable it. You might want
(microtype)                to add `\microtypecontext{spacing=nonfrench}'
(microtype)                to your preamble.

(/usr/share/texmf-dist/tex/context/base/mkii/supp-pdf.mkii
[Loading MPS to PDF converter (version 2006.09.02).]
\scratchcounter=\count385
\scratchdimen=\dimen370
\scratchbox=\box92
\nofMPsegments=\count386
\nofMParguments=\count387
\everyMPshowfont=\toks62
\MPscratchCnt=\count388
\MPscratchDim=\dimen371
\MPnumerator=\count389
\makeMPintoPDFobject=\count390
\everyMPtoPDFconversion=\toks63
) (/usr/share/texmf-dist/tex/latex/epstopdf-pkg/epstopdf-base.sty
Package: epstopdf-base 2020-01-24 v2.11 Base part for package epstopdf
Package epstopdf-base Info: Redefining graphics rule for `.eps' on input line 4
85.

(/usr/share/texmf-dist/tex/latex/latexconfig/epstopdf-sys.cfg
File: epstopdf-sys.cfg 2010/07/13 v1.3 Configuration of (r)epstopdf for TeX Liv
e
))
Package hyperref Info: Link coloring ON on input line 1014.

(/usr/share/texmf-dist/tex/latex/hyperref/nameref.sty
Package: nameref 2021-04-02 v2.47 Cross-referencing by name of section

(/usr/share/texmf-dist/tex/latex/refcount/refcount.sty
Package: refcount 2019/12/15 v3.6 Data extraction from label references (HO)
)
(/usr/share/texmf-dist/tex/generic/gettitlestring/gettitlestring.sty
Package: gettitlestring 2019/12/15 v1.6 Cleanup title references (HO)
)
\c@section@level=\count391
)
LaTeX Info: Redefining \ref on input line 1014.
LaTeX Info: Redefining \pageref on input line 1014.
LaTeX Info: Redefining \nameref on input line 1014.

(./document.out) (./document.out)
\@outlinefile=\write4
\openout4 = `document.out'.

Package caption Info: Begin \AtBeginDocument code.
Package caption Info: float package is loaded.
Package caption Info: listings package is loaded.
Package caption Info: wrapfig package is loaded.
Package caption Info: End \AtBeginDocument code.
\c@lstlisting=\count392
 (./document.toc
(/usr/share/texmf-dist/tex/latex/microtype/mt-msa.cfg
File: mt-msa.cfg 2006/02/04 v1.1 microtype config. file: AMS symbols (a) (RS)
)
(/usr/share/texmf-dist/tex/latex/microtype/mt-msb.cfg
File: mt-msb.cfg 2005/06/01 v1.0 microtype config. file: AMS symbols (b) (RS)
)
LaTeX Font Info:    Trying to load font information for U+rsfs on input line 4.


(/usr/share/texmf-dist/tex/latex/jknapltx/ursfs.fd
File: ursfs.fd 1998/03/24 rsfs font definition file (jk)
)
Overfull \hbox (1.76553pt too wide) detected at line 17
 [][][]\OT1/cmr/m/n/10 10[][]
 []


Overfull \hbox (1.76553pt too wide) detected at line 18
 [][][]\OT1/cmr/m/n/10 11[][]
 []


Overfull \hbox (1.76553pt too wide) detected at line 19
 [][][]\OT1/cmr/m/n/10 11[][]
 []


Overfull \hbox (1.76553pt too wide) detected at line 20
 [][][]\OT1/cmr/m/n/10 11[][]
 []


Overfull \hbox (1.76553pt too wide) detected at line 21
 [][][]\OT1/cmr/m/n/10 12[][]
 []


Overfull \hbox (1.76553pt too wide) detected at line 23
 [][][]\OT1/cmr/m/n/10 14[][]
 []


Overfull \hbox (1.76553pt too wide) detected at line 24
 [][][]\OT1/cmr/m/n/10 15[][]
 []


Overfull \hbox (1.76553pt too wide) detected at line 25
 [][][]\OT1/cmr/m/n/10 15[][]
 []


Overfull \hbox (1.76553pt too wide) detected at line 26
 [][][]\OT1/cmr/m/n/10 15[][]
 []


Overfull \hbox (1.76553pt too wide) detected at line 27
 [][][]\OT1/cmr/m/n/10 16[][]
 []


Overfull \hbox (1.76553pt too wide) detected at line 28
 [][][]\OT1/cmr/m/n/10 16[][]
 []


Overfull \hbox (1.76553pt too wide) detected at line 29
 [][][]\OT1/cmr/m/n/10 16[][]
 []


Overfull \hbox (1.76553pt too wide) detected at line 30
 [][][]\OT1/cmr/m/n/10 18[][]
 []


Overfull \hbox (1.76553pt too wide) detected at line 31
 [][][]\OT1/cmr/m/n/10 19[][]
 []


Overfull \hbox (1.76553pt too wide) detected at line 32
 [][][]\OT1/cmr/m/n/10 19[][]
 []


Overfull \hbox (1.76553pt too wide) detected at line 33
 [][][]\OT1/cmr/m/n/10 19[][]
 []


Overfull \hbox (1.76553pt too wide) detected at line 34
 [][][]\OT1/cmr/m/n/10 19[][]
 []


Overfull \hbox (1.76553pt too wide) detected at line 35
 [][][]\OT1/cmr/m/n/10 20[][]
 []


Overfull \hbox (1.76553pt too wide) detected at line 36
 [][][]\OT1/cmr/m/n/10 20[][]
 []


Overfull \hbox (1.76553pt too wide) detected at line 37
 [][][]\OT1/cmr/m/n/10 20[][]
 []


Overfull \hbox (1.76553pt too wide) detected at line 38
 [][][]\OT1/cmr/m/n/10 20[][]
 []


Overfull \hbox (1.76553pt too wide) detected at line 39
 [][][]\OT1/cmr/m/n/10 22[][]
 []


Overfull \hbox (1.76553pt too wide) detected at line 40
 [][][]\OT1/cmr/m/n/10 22[][]
 []


Overfull \hbox (1.76553pt too wide) detected at line 42
 [][][]\OT1/cmr/m/n/10 23[][]
 []


Overfull \hbox (1.76553pt too wide) detected at line 43
 [][][]\OT1/cmr/m/n/10 23[][]
 []


Overfull \hbox (1.76553pt too wide) detected at line 44
 [][][]\OT1/cmr/m/n/10 23[][]
 []


Overfull \hbox (1.76553pt too wide) detected at line 45
 [][][]\OT1/cmr/m/n/10 23[][]
 []


Overfull \hbox (1.76553pt too wide) detected at line 46
 [][][]\OT1/cmr/m/n/10 23[][]
 []


Overfull \hbox (1.76553pt too wide) detected at line 48
 [][][]\OT1/cmr/m/n/10 25[][]
 []


Overfull \hbox (1.76553pt too wide) detected at line 49
 [][][]\OT1/cmr/m/n/10 26[][]
 []


Overfull \hbox (1.76553pt too wide) detected at line 50
 [][][]\OT1/cmr/m/n/10 26[][]
 []


Overfull \hbox (1.76553pt too wide) detected at line 51
 [][][]\OT1/cmr/m/n/10 26[][]
 []


Overfull \hbox (1.76553pt too wide) detected at line 52
 [][][]\OT1/cmr/m/n/10 26[][]
 []


Overfull \hbox (1.76553pt too wide) detected at line 53
 [][][]\OT1/cmr/m/n/10 28[][]
 []


Overfull \hbox (1.76553pt too wide) detected at line 54
 [][][]\OT1/cmr/m/n/10 28[][]
 []

[1{/var/lib/texmf/fonts/map/pdftex/updmap/pdftex.map}


]
Overfull \hbox (1.76553pt too wide) detected at line 55
 [][][]\OT1/cmr/m/n/10 28[][]
 []


Overfull \hbox (1.76553pt too wide) detected at line 56
 [][][]\OT1/cmr/m/n/10 28[][]
 []


Overfull \hbox (1.76553pt too wide) detected at line 57
 [][][]\OT1/cmr/m/n/10 28[][]
 []


Overfull \hbox (1.76553pt too wide) detected at line 59
 [][][]\OT1/cmr/m/n/10 30[][]
 []


Overfull \hbox (1.76553pt too wide) detected at line 60
 [][][]\OT1/cmr/m/n/10 31[][]
 []


Overfull \hbox (1.76553pt too wide) detected at line 61
 [][][]\OT1/cmr/m/n/10 32[][]
 []


Overfull \hbox (1.76553pt too wide) detected at line 62
 [][][]\OT1/cmr/m/n/10 32[][]
 []


Overfull \hbox (1.76553pt too wide) detected at line 63
 [][][]\OT1/cmr/m/n/10 32[][]
 []


Overfull \hbox (1.76553pt too wide) detected at line 64
 [][][]\OT1/cmr/m/n/10 32[][]
 []


Overfull \hbox (1.76553pt too wide) detected at line 65
 [][][]\OT1/cmr/m/n/10 32[][]
 []


Overfull \hbox (1.76553pt too wide) detected at line 67
 [][][]\OT1/cmr/m/n/10 33[][]
 []


Overfull \hbox (1.76553pt too wide) detected at line 68
 [][][]\OT1/cmr/m/n/10 33[][]
 []


Overfull \hbox (1.76553pt too wide) detected at line 69
 [][][]\OT1/cmr/m/n/10 33[][]
 []


Overfull \hbox (1.76553pt too wide) detected at line 70
 [][][]\OT1/cmr/m/n/10 34[][]
 []


Overfull \hbox (1.76553pt too wide) detected at line 71
 [][][]\OT1/cmr/m/n/10 34[][]
 []


Overfull \hbox (1.76553pt too wide) detected at line 72
 [][][]\OT1/cmr/m/n/10 35[][]
 []


Overfull \hbox (1.76553pt too wide) detected at line 73
 [][][]\OT1/cmr/m/n/10 35[][]
 []


Overfull \hbox (1.76553pt too wide) detected at line 74
 [][][]\OT1/cmr/m/n/10 35[][]
 []


Overfull \hbox (1.76553pt too wide) detected at line 76
 [][][]\OT1/cmr/m/n/10 36[][]
 []


Overfull \hbox (1.76553pt too wide) detected at line 77
 [][][]\OT1/cmr/m/n/10 36[][]
 []


Overfull \hbox (1.76553pt too wide) detected at line 78
 [][][]\OT1/cmr/m/n/10 36[][]
 []


Overfull \hbox (1.76553pt too wide) detected at line 79
 [][][]\OT1/cmr/m/n/10 36[][]
 []


Overfull \hbox (1.76553pt too wide) detected at line 80
 [][][]\OT1/cmr/m/n/10 37[][]
 []


Overfull \hbox (1.76553pt too wide) detected at line 81
 [][][]\OT1/cmr/m/n/10 37[][]
 []


Overfull \hbox (1.76553pt too wide) detected at line 82
 [][][]\OT1/cmr/m/n/10 38[][]
 []


Overfull \hbox (1.76553pt too wide) detected at line 83
 [][][]\OT1/cmr/m/n/10 38[][]
 []

)
\tf@toc=\write5
\openout5 = `document.toc'.

 [2] (./document.lot
Overfull \hbox (1.76553pt too wide) detected at line 2
 [][][]\OT1/cmr/m/n/10 10[][]
 []


Overfull \hbox (1.76553pt too wide) detected at line 3
 [][][]\OT1/cmr/m/n/10 10[][]
 []


Overfull \hbox (1.76553pt too wide) detected at line 4
 [][][]\OT1/cmr/m/n/10 21[][]
 []


Overfull \hbox (1.76553pt too wide) detected at line 5
 [][][]\OT1/cmr/m/n/10 24[][]
 []


Overfull \hbox (1.76553pt too wide) detected at line 6
 [][][]\OT1/cmr/m/n/10 25[][]
 []


Overfull \hbox (1.76553pt too wide) detected at line 7
 [][][]\OT1/cmr/m/n/10 26[][]
 []


Overfull \hbox (1.76553pt too wide) detected at line 8
 [][][]\OT1/cmr/m/n/10 26[][]
 []


Overfull \hbox (1.76553pt too wide) detected at line 9
 [][][]\OT1/cmr/m/n/10 26[][]
 []


Overfull \hbox (1.76553pt too wide) detected at line 10
 [][][]\OT1/cmr/m/n/10 27[][]
 []


Overfull \hbox (1.76553pt too wide) detected at line 11
 [][][]\OT1/cmr/m/n/10 27[][]
 []


Overfull \hbox (1.76553pt too wide) detected at line 12
 [][][]\OT1/cmr/m/n/10 29[][]
 []


Overfull \hbox (1.76553pt too wide) detected at line 13
 [][][]\OT1/cmr/m/n/10 29[][]
 []


Overfull \hbox (1.76553pt too wide) detected at line 14
 [][][]\OT1/cmr/m/n/10 30[][]
 []


Overfull \hbox (1.76553pt too wide) detected at line 15
 [][][]\OT1/cmr/m/n/10 31[][]
 []

)
\tf@lot=\write6
\openout6 = `document.lot'.

 [3]
Package lettrine.sty Info: Targeted height = 28.30554pt
(lettrine.sty)             (for loversize=0, accent excluded),
(lettrine.sty)             Lettrine height = 28.30548pt (S);
(lettrine.sty)             reported on input line 1054.
Package microtype Info: Loading generic protrusion settings for font family
(microtype)             `cmss' (encoding: OT1).
(microtype)             For optimal results, create family-specific settings.
(microtype)             See the microtype manual for details.
 [4


]
Underfull \hbox (badness 10000) in paragraph at lines 1242--1243

 []


Underfull \hbox (badness 10000) in paragraph at lines 1246--1248

 []


Underfull \hbox (badness 10000) in paragraph at lines 1257--1259

 []

[5]
Underfull \hbox (badness 10000) in paragraph at lines 1356--1358

 []


Underfull \hbox (badness 10000) in alignment at lines 1394--1394
[][][] 
 []


Overfull \hbox (10.00002pt too wide) in paragraph at lines 1394--1395
[][] 
 []


Overfull \hbox (21.17404pt too wide) in paragraph at lines 1487--1506
[] 
 []


LaTeX Warning: Hyper reference `sec:n_declination' on page 6 undefined on input
 line 1519.


Overfull \hbox (2.36664pt too wide) in paragraph at lines 1528--1528
|[] [] 
 []

[6]
Overfull \hbox (1.90659pt too wide) in paragraph at lines 1550--1577
[] 
 []


Overfull \hbox (2.36664pt too wide) in paragraph at lines 1600--1600
|[] [] 
 []


Overfull \hbox (14.22572pt too wide) in alignment at lines 1690--1690
[][][][]
 []

LaTeX Font Info:    Trying to load font information for OT1+pcr on input line 1
731.
(/usr/share/texmf-dist/tex/latex/psnfss/ot1pcr.fd
File: ot1pcr.fd 2001/06/04 font definitions for OT1/pcr.
)
Package microtype Info: Loading generic protrusion settings for font family
(microtype)             `pcr' (encoding: OT1).
(microtype)             For optimal results, create family-specific settings.
(microtype)             See the microtype manual for details.
 [7]

LaTeX Warning: Reference `def:copulative_verb' on page 8 undefined on input lin
e 1815.

[8]
Underfull \hbox (badness 10000) in paragraph at lines 1939--1941
[]\OT1/cmr/m/n/10 (+10) durch, f^^?ur , ent-lang, gegen, ohne, um
 []


Underfull \hbox (badness 2626) in paragraph at lines 1939--1941
\OT1/cmr/m/n/10 (+10) ...herum, hin-ter, in, neben, ^^?uber, unter,
 []


Package tabularx Warning: X Columns too narrow (table too wide)
(tabularx)                 on input line 2062.


Overfull \hbox (48.63408pt too wide) in alignment at lines 2062--2062
[][][][] 
 []

[9]

Package caption Warning: The option `hypcap=true' will be ignored for this
(caption)                particular \caption on input line 2285.
See the caption package documentation for explanation.


Overfull \hbox (4.31108pt too wide) in paragraph at lines 2285--2285
[]|\OT1/cmr/bx/it/10 (-10) MAS.|  
 []


Overfull \hbox (3.76932pt too wide) in paragraph at lines 2285--2285
[]|\OT1/cmr/bx/it/10 (-10) NEU.|  
 []


Overfull \hbox (3.99756pt too wide) in paragraph at lines 2285--2285
[]|\OT1/cmr/bx/it/10 (-10) FEM.|  
 []


Overfull \hbox (2.10834pt too wide) in paragraph at lines 2285--2285
[]|\OT1/cmr/bx/it/10 (-10) PLU.|  
 []


Package caption Warning: The option `hypcap=true' will be ignored for this
(caption)                particular \caption on input line 2333.
See the caption package documentation for explanation.


Overfull \hbox (4.31108pt too wide) in paragraph at lines 2333--2333
[]|\OT1/cmr/bx/it/10 (-10) MAS.|  
 []


Overfull \hbox (3.76932pt too wide) in paragraph at lines 2333--2333
[]|\OT1/cmr/bx/it/10 (-10) NEU.|  
 []


Overfull \hbox (3.99756pt too wide) in paragraph at lines 2333--2333
[]|\OT1/cmr/bx/it/10 (-10) FEM.|  
 []


Overfull \hbox (10.16393pt too wide) in paragraph at lines 2333--2333
[]|\OT1/cmr/bx/it/10 (-10) PLU. [][][][][]|  
 []

[10]
Underfull \hbox (badness 10000) in paragraph at lines 2369--2370

 []


Underfull \hbox (badness 10000) in paragraph at lines 2371--2372

 []


Underfull \hbox (badness 10000) in paragraph at lines 2373--2374

 []


Underfull \hbox (badness 10000) in paragraph at lines 2375--2380

 []


Underfull \hbox (badness 10000) in paragraph at lines 2381--2386

 []


Overfull \hbox (14.30058pt too wide) in alignment at lines 2434--2434
[][][][]
 []


Overfull \hbox (2.36664pt too wide) in paragraph at lines 2491--2491
|[] [] 
 []


Overfull \hbox (2.36664pt too wide) in paragraph at lines 2499--2499
|[] [] 
 []

[11]
Underfull \hbox (badness 4660) in paragraph at lines 2584--2585
[]\OT1/cmr/m/n/10 (+10) That's why|I feel like I can't re-peat this
 []

[12] [13]
Package lettrine.sty Info: Targeted height = 28.30554pt
(lettrine.sty)             (for loversize=0, accent excluded),
(lettrine.sty)             Lettrine height = 28.30548pt (V);
(lettrine.sty)             reported on input line 2686.

Underfull \hbox (badness 1867) in paragraph at lines 2721--2725
[]\OT1/cmr/m/n/10 (+10) These two sub-categories of verbs de-pend on
 []


Underfull \hbox (badness 10000) in paragraph at lines 2765--2776

 []


Underfull \hbox (badness 10000) in paragraph at lines 2781--2792

 []

[14

]
Overfull \hbox (2.36664pt too wide) in paragraph at lines 2854--2854
|[] [] 
 []


Underfull \hbox (badness 1297) in paragraph at lines 2891--2891
[]\OT1/cmr/m/n/10 (+10) Every time we con-ju-gate a verb,
 []


Underfull \hbox (badness 2469) in paragraph at lines 2891--2891
\OT1/cmr/m/n/10 (+10) formed by con-ju-gat-ing verbs are
 []


Underfull \hbox (badness 10000) in paragraph at lines 2958--2959

 []


Underfull \hbox (badness 10000) in paragraph at lines 2967--2969

 []


Underfull \hbox (badness 10000) in paragraph at lines 2970--2971

 []

[15]
Underfull \hbox (badness 10000) in paragraph at lines 2988--2989

 []


Underfull \hbox (badness 10000) in paragraph at lines 2997--3000

 []


Overfull \hbox (2.36664pt too wide) in paragraph at lines 3049--3049
|[] [] 
 []


Overfull \hbox (2.36664pt too wide) in paragraph at lines 3057--3057
|[] [] 
 []


Underfull \hbox (badness 10000) in paragraph at lines 3107--3111

 []


Underfull \hbox (badness 10000) in paragraph at lines 3112--3113

 []


LaTeX Warning: Hyper reference `sec:prateritum' on page 16 undefined on input l
ine 3119.


LaTeX Warning: Reference `sssec:prateritum' on page 16 undefined on input line 
3119.

[16]
Underfull \hbox (badness 10000) in paragraph at lines 3179--3182

 []


Underfull \hbox (badness 10000) in paragraph at lines 3183--3186

 []


Underfull \hbox (badness 10000) in paragraph at lines 3187--3192

 []


Underfull \hbox (badness 10000) in paragraph at lines 3193--3195

 []


Underfull \hbox (badness 10000) in paragraph at lines 3214--3216

 []


Underfull \hbox (badness 10000) in paragraph at lines 3230--3232

 []


Underfull \hbox (badness 1675) in paragraph at lines 3290--3293
[]\OT1/cmr/m/n/10 (+10) Example: se-hen { gese-hen (sehen-sah-gesehen)
 []

[17] [18]
Underfull \hbox (badness 1590) in paragraph at lines 3586--3586
[]\OT1/cmr/m/n/10 (+10) The pr^^?ater-i-tum con-ju-ga-tion of
 []


Overfull \hbox (2.36664pt too wide) in paragraph at lines 3699--3699
|[] [] 
 []


Overfull \hbox (2.36664pt too wide) in paragraph at lines 3757--3757
|[] [] 
 []


Underfull \hbox (badness 3417) in paragraph at lines 3773--3776
\OT1/cmr/m/it/10 (+10) K^^?onnten Sie mir das Prob-lem bitte genau
 []

[19]
Overfull \hbox (2.36664pt too wide) in paragraph at lines 3913--3913
|[] [] 
 []


Overfull \hbox (2.36664pt too wide) in paragraph at lines 3921--3921
|[] [] 
 []


Overfull \hbox (2.36664pt too wide) in paragraph at lines 3935--3935
|[] [] 
 []

[20]

Package caption Warning: The option `hypcap=true' will be ignored for this
(caption)                particular \caption on input line 4068.
See the caption package documentation for explanation.


Overfull \hbox (251.84843pt too wide) in paragraph at lines 4068--4068
 [] 
 []


LaTeX Warning: Hyper reference `sec:lassen' on page 21 undefined on input line 
4082.

[21]
Underfull \hbox (badness 10000) in paragraph at lines 4098--4100

 []

[22

]
Overfull \hbox (2.36664pt too wide) in paragraph at lines 4156--4156
|[] [] 
 []


Overfull \hbox (2.36664pt too wide) in paragraph at lines 4214--4214
|[] [] 
 []

Package lettrine.sty Info: Targeted height = 28.30554pt
(lettrine.sty)             (for loversize=0, accent excluded),
(lettrine.sty)             Lettrine height = 28.30548pt (R);
(lettrine.sty)             reported on input line 4264.
[23

]

Package caption Warning: The option `hypcap=true' will be ignored for this
(caption)                particular \caption on input line 4332.
See the caption package documentation for explanation.


Overfull \hbox (4.31108pt too wide) in paragraph at lines 4332--4332
[]|\OT1/cmr/bx/it/10 (-10) MAS.|  
 []


Overfull \hbox (3.76932pt too wide) in paragraph at lines 4332--4332
[]|\OT1/cmr/bx/it/10 (-10) NEU.|  
 []


Overfull \hbox (3.99756pt too wide) in paragraph at lines 4332--4332
[]|\OT1/cmr/bx/it/10 (-10) FEM.|  
 []


Overfull \hbox (2.10834pt too wide) in paragraph at lines 4332--4332
[]|\OT1/cmr/bx/it/10 (-10) PLU.|  
 []


Overfull \hbox (2.77687pt too wide) in paragraph at lines 4332--4332
[]|\OT1/cmr/m/n/10 (-10) dessen|  
 []


Overfull \hbox (2.77687pt too wide) in paragraph at lines 4332--4332
[]|\OT1/cmr/m/n/10 (-10) dessen|  
 []

[24]
Package lettrine.sty Info: Targeted height = 28.30554pt
(lettrine.sty)             (for loversize=0, accent excluded),
(lettrine.sty)             Lettrine height = 28.30548pt (P);
(lettrine.sty)             reported on input line 4462.


LaTeX Warning: Hyper reference `sec:accusative_prepositions' on page 25 undefin
ed on input line 4485.


LaTeX Warning: Hyper reference `sec:dative_prepositions' on page 25 undefined o
n input line 4489.


LaTeX Warning: Hyper reference `sec:genetiv_prepositions' on page 25 undefined 
on input line 4493.


LaTeX Warning: Hyper reference `sec:wechsel_prepositions' on page 25 undefined 
on input line 4497.


Package caption Warning: The option `hypcap=true' will be ignored for this
(caption)                particular \caption on input line 4623.
See the caption package documentation for explanation.


Package caption Warning: The option `hypcap=true' will be ignored for this
(caption)                particular \caption on input line 4686.
See the caption package documentation for explanation.

[25

]

Package caption Warning: The option `hypcap=true' will be ignored for this
(caption)                particular \caption on input line 4784.
See the caption package documentation for explanation.


Underfull \hbox (badness 10000) in paragraph at lines 4794--4796

 []


Underfull \hbox (badness 10000) in paragraph at lines 4797--4799

 []


Package caption Warning: The option `hypcap=true' will be ignored for this
(caption)                particular \caption on input line 4810.
See the caption package documentation for explanation.


Underfull \hbox (badness 10000) in alignment at lines 4810--4810
[][][]
 []

[26]

Package caption Warning: The option `hypcap=true' will be ignored for this
(caption)                particular \caption on input line 4857.
See the caption package documentation for explanation.


Package caption Warning: The option `hypcap=true' will be ignored for this
(caption)                particular \caption on input line 4940.
See the caption package documentation for explanation.

[27]
Overfull \hbox (2.36664pt too wide) in paragraph at lines 4957--4957
|[] [] 
 []


Overfull \hbox (2.36664pt too wide) in paragraph at lines 4973--4973
|[] [] 
 []


Underfull \hbox (badness 10000) in paragraph at lines 5062--5064

 []

[28]
Package lettrine.sty Info: Targeted height = 28.30554pt
(lettrine.sty)             (for loversize=0, accent excluded),
(lettrine.sty)             Lettrine height = 28.30548pt (A);
(lettrine.sty)             reported on input line 5088.

Underfull \hbox (badness 10000) in paragraph at lines 5106--5108

 []


Underfull \hbox (badness 10000) in paragraph at lines 5116--5119

 []


Package caption Warning: The option `hypcap=true' will be ignored for this
(caption)                particular \caption on input line 5183.
See the caption package documentation for explanation.


Overfull \hbox (4.31108pt too wide) in paragraph at lines 5183--5183
[]|\OT1/cmr/bx/it/10 (-10) MAS.|  
 []


Overfull \hbox (3.76932pt too wide) in paragraph at lines 5183--5183
[]|\OT1/cmr/bx/it/10 (-10) NEU.|  
 []


Overfull \hbox (3.99756pt too wide) in paragraph at lines 5183--5183
[]|\OT1/cmr/bx/it/10 (-10) FEM.|  
 []


Overfull \hbox (2.10834pt too wide) in paragraph at lines 5183--5183
[]|\OT1/cmr/bx/it/10 (-10) PLU.|  
 []


Package caption Warning: The option `hypcap=true' will be ignored for this
(caption)                particular \caption on input line 5265.
See the caption package documentation for explanation.


Overfull \hbox (4.31108pt too wide) in paragraph at lines 5265--5265
[]|\OT1/cmr/bx/it/10 (-10) MAS.|  
 []


Overfull \hbox (3.76932pt too wide) in paragraph at lines 5265--5265
[]|\OT1/cmr/bx/it/10 (-10) NEU.|  
 []


Overfull \hbox (3.99756pt too wide) in paragraph at lines 5265--5265
[]|\OT1/cmr/bx/it/10 (-10) FEM.|  
 []


Overfull \hbox (2.10834pt too wide) in paragraph at lines 5265--5265
[]|\OT1/cmr/bx/it/10 (-10) PLU.|  
 []


Package caption Warning: The option `hypcap=true' will be ignored for this
(caption)                particular \caption on input line 5320.
See the caption package documentation for explanation.


Overfull \hbox (4.31108pt too wide) in paragraph at lines 5320--5320
[]|\OT1/cmr/bx/it/10 (-10) MAS.|  
 []


Overfull \hbox (3.76932pt too wide) in paragraph at lines 5320--5320
[]|\OT1/cmr/bx/it/10 (-10) NEU.|  
 []


Overfull \hbox (3.99756pt too wide) in paragraph at lines 5320--5320
[]|\OT1/cmr/bx/it/10 (-10) FEM.|  
 []


Overfull \hbox (2.10834pt too wide) in paragraph at lines 5320--5320
[]|\OT1/cmr/bx/it/10 (-10) PLU.|  
 []

[29

]
Underfull \hbox (badness 1142) in paragraph at lines 5365--5368
[]\OT1/cmr/m/it/10 (+10) Heutzutage wollen \OT1/cmr/bx/it/10 (+10) mehr \OT1/cm
r/m/it/10 (+10) jung[]\OT1/cmr/bx/it/10 (+10) e[] \OT1/cmr/m/it/10 (+10) Frauen
 In-ge-
 []


LaTeX Warning: Hyper reference `sec:adjectives_as_nouns' on page 30 undefined o
n input line 5430.


LaTeX Warning: Hyper reference `sec:adjectives_as_adverbs' on page 30 undefined
 on input line 5430.


Underfull \hbox (badness 4660) in paragraph at lines 5456--5456
\OT1/cmr/m/n/10 (+10) sub-junc-tive (noun) with an-other
 []


Underfull \hbox (badness 1762) in paragraph at lines 5456--5456
\OT1/cmr/m/n/10 (+10) sub-junc-tive (noun). Com-par-a-tives
 []


Underfull \hbox (badness 10000) in paragraph at lines 5456--5456

 []


Underfull \hbox (badness 10000) in paragraph at lines 5494--5495

 []

[30]
Underfull \hbox (badness 10000) in paragraph at lines 5504--5505

 []


Package caption Warning: The option `hypcap=true' will be ignored for this
(caption)                particular \caption on input line 5578.
See the caption package documentation for explanation.


Overfull \hbox (4.17586pt too wide) in alignment at lines 5578--5578
[][][][][][] 
 []


Underfull \hbox (badness 10000) in paragraph at lines 5593--5595

 []


Underfull \hbox (badness 1448) in paragraph at lines 5700--5707
\OT1/cmr/m/n/10 (+10) ex-tremes of a cer-tain com-par-i-son. Con-sider the
 []


Underfull \hbox (badness 10000) in paragraph at lines 5700--5707

 []


Underfull \hbox (badness 2285) in paragraph at lines 5700--5707
\OT1/cmr/m/it/10 (+10) Ute ist klein, Pe-tra ist kleiner und Mar-tina ist
 []


Underfull \hbox (badness 10000) in paragraph at lines 5700--5707

 []

[31]
Overfull \hbox (2.36664pt too wide) in paragraph at lines 5746--5746
|[] [] 
 []

[32

]
Package lettrine.sty Info: Targeted height = 28.30554pt
(lettrine.sty)             (for loversize=0, accent excluded),
(lettrine.sty)             Lettrine height = 28.30548pt (W);
(lettrine.sty)             reported on input line 5788.
 [33

]
Underfull \hbox (badness 10000) in paragraph at lines 5989--5994

 []


Underfull \hbox (badness 1248) in paragraph at lines 5989--5994
\OT1/cmr/m/n/10 (+10) Wir gehen zum Hafen hin. : We are go-ing to
 []


Underfull \hbox (badness 10000) in paragraph at lines 5995--6001

 []


Underfull \hbox (badness 10000) in paragraph at lines 5995--6001

 []

[34]
Underfull \hbox (badness 7613) in paragraph at lines 6205--6208
\OT1/cmr/m/n/10 (+10) dar^^?uber, hi-er-bei, hi-er-mit, wovon. Even though
 []


Underfull \hbox (badness 10000) in paragraph at lines 6205--6208

 []


Underfull \hbox (badness 10000) in paragraph at lines 6209--6212

 []


Underfull \hbox (badness 10000) in paragraph at lines 6213--6215

 []


Underfull \hbox (badness 10000) in paragraph at lines 6216--6219

 []


Underfull \hbox (badness 1810) in paragraph at lines 6221--6225
[]\OT1/cmr/m/n/10 (+10) A com-plete list of all the prono-mial ad-verbs
 []


Underfull \hbox (badness 10000) in paragraph at lines 6221--6225

 []

[35]
Overfull \hbox (2.36664pt too wide) in paragraph at lines 6285--6285
|[] [] 
 []


LaTeX Warning: Hyper reference `sec:connectors' on page 36 undefined on input l
ine 6340.


LaTeX Warning: Reference `ssec:connectors' on page 36 undefined on input line 6
340.


Overfull \hbox (2.36664pt too wide) in paragraph at lines 6357--6357
|[] [] 
 []


Underfull \hbox (badness 1365) in paragraph at lines 6367--6367
\OT1/cmr/m/n/10 (+10) in a sen-tence are called con-junc-
 []


Overfull \hbox (2.36664pt too wide) in paragraph at lines 6438--6438
|[] [] 
 []

[36

]
Underfull \hbox (badness 10000) in alignment at lines 6453--6453
[][]
 []


Overfull \hbox (0.5596pt too wide) in paragraph at lines 6480--6480
[]|\OT1/cmr/m/n/10 (-10) worden|  
 []


Overfull \hbox (0.5596pt too wide) in paragraph at lines 6480--6480
[]|\OT1/cmr/m/n/10 (-10) worden|  
 []

[37]
Underfull \hbox (badness 4168) in paragraph at lines 6640--6642
\OT1/cmr/m/it/10 (+10) Klingeln \OT1/cmr/bx/it/10 (+10) Sie\OT1/cmr/m/it/10 (+1
0) , []\OT1/cmr/bx/it/10 (+10) damit[] Sie \OT1/cmr/m/it/10 (+10) auf sich aufm
erk-sam
 []

[38] (./document.bbl) [39


] (./document.aux)

LaTeX Warning: There were undefined references.


LaTeX Warning: There were multiply-defined labels.


Package rerunfilecheck Warning: File `document.out' has changed.
(rerunfilecheck)                Rerun to get outlines right
(rerunfilecheck)                or use package `bookmark'.

Package rerunfilecheck Info: Checksums for `document.out':
(rerunfilecheck)             Before: 348F21B3563C614CE4D3744F3348043D;5588
(rerunfilecheck)             After:  D753FFBF23C7CE965E5634F519D8B994;11911.
 ) 
Here is how much of TeX's memory you used:
 37386 strings out of 478238
 699839 string characters out of 5850455
 1213612 words of memory out of 5000000
 54609 multiletter control sequences out of 15000+600000
 488327 words of font info for 167 fonts, out of 8000000 for 9000
 1141 hyphenation exceptions out of 8191
 87i,18n,131p,1005b,1299s stack positions out of 5000i,500n,10000p,200000b,80000s

pdfTeX warning (dest): name{Hfootnote.7} has been referenced but does not exist
, replaced by a fixed one


pdfTeX warning (dest): name{Hfootnote.6} has been referenced but does not exist
, replaced by a fixed one

{/usr/share/texmf-dist/fonts/enc/dvips/cm-super/cm-super-ts1.enc}{/usr/share/te
xmf-dist/fonts/enc/dvips/base/8r.enc}</usr/share/texmf-dist/fonts/type1/public/
amsfonts/cm/cmbx10.pfb></usr/share/texmf-dist/fonts/type1/public/amsfonts/cm/cm
bx12.pfb></usr/share/texmf-dist/fonts/type1/public/amsfonts/cm/cmbx8.pfb></usr/
share/texmf-dist/fonts/type1/public/amsfonts/cm/cmbx9.pfb></usr/share/texmf-dis
t/fonts/type1/public/amsfonts/cm/cmbxti10.pfb></usr/share/texmf-dist/fonts/type
1/public/amsfonts/cm/cmr10.pfb></usr/share/texmf-dist/fonts/type1/public/amsfon
ts/cm/cmr17.pfb></usr/share/texmf-dist/fonts/type1/public/amsfonts/cm/cmr6.pfb>
</usr/share/texmf-dist/fonts/type1/public/amsfonts/cm/cmr7.pfb></usr/share/texm
f-dist/fonts/type1/public/amsfonts/cm/cmr8.pfb></usr/share/texmf-dist/fonts/typ
e1/public/amsfonts/cm/cmss8.pfb></usr/share/texmf-dist/fonts/type1/public/amsfo
nts/cm/cmsy10.pfb></usr/share/texmf-dist/fonts/type1/public/amsfonts/cm/cmti10.
pfb></usr/share/texmf-dist/fonts/type1/public/amsfonts/cm/cmti7.pfb></usr/share
/texmf-dist/fonts/type1/public/amsfonts/cm/cmti8.pfb></usr/share/texmf-dist/fon
ts/type1/public/amsfonts/symbols/msam10.pfb></usr/share/texmf-dist/fonts/type1/
public/cm-super/sfbx1000.pfb></usr/share/texmf-dist/fonts/type1/public/cm-super
/sfrm1000.pfb></usr/share/texmf-dist/fonts/type1/urw/courier/ucrr8a.pfb>
Output written on document.pdf (39 pages, 512252 bytes).
PDF statistics:
 996 PDF objects out of 1000 (max. 8388607)
 904 compressed objects within 10 object streams
 208 named destinations out of 1000 (max. 500000)
 44709 words of extra memory for PDF output out of 51595 (max. 10000000)

