\BOOKMARK [1][-]{Doc-Start}{\376\377\000L\000i\000s\000t\000\040\000o\000f\000\040\000T\000a\000b\000l\000e\000s}{}% 1
\BOOKMARK [1][-]{section.1}{\376\377\000N\000o\000u\000n\000s}{}% 2
\BOOKMARK [2][-]{subsection.1.1}{\376\377\000G\000e\000n\000d\000e\000r\000e\000d\000\040\000N\000o\000u\000n\000s}{section.1}% 3
\BOOKMARK [2][-]{subsection.1.2}{\376\377\000A\000r\000t\000i\000c\000l\000e\000s}{section.1}% 4
\BOOKMARK [3][-]{subsubsection.1.2.1}{\376\377\000A\000r\000t\000i\000c\000l\000e\000\040\000T\000i\000p\000s\000\040\000:\000\040\000M\000a\000s\000c\000u\000l\000i\000n\000e\000\040\000\050\000D\000e\000r\000\051}{subsection.1.2}% 5
\BOOKMARK [3][-]{subsubsection.1.2.2}{\376\377\000A\000r\000t\000i\000c\000l\000e\000\040\000T\000i\000p\000s\000\040\000:\000\040\000F\000e\000m\000i\000n\000i\000n\000e\000\040\000\050\000D\000i\000e\000\051}{subsection.1.2}% 6
\BOOKMARK [3][-]{subsubsection.1.2.3}{\376\377\000A\000r\000t\000i\000c\000l\000e\000\040\000T\000i\000p\000s\000\040\000:\000\040\000N\000e\000u\000t\000e\000r\000\040\000\050\000D\000a\000s\000\051}{subsection.1.2}% 7
\BOOKMARK [2][-]{subsection.1.3}{\376\377\000P\000l\000u\000r\000a\000l\000s}{section.1}% 8
\BOOKMARK [3][-]{subsubsection.1.3.1}{\376\377\000P\000l\000u\000r\000a\000l\000s\000\040\000:\000\040\000M\000a\000s\000c\000u\000l\000i\000n\000e\000\040\000N\000o\000u\000n\000s}{subsection.1.3}% 9
\BOOKMARK [3][-]{subsubsection.1.3.2}{\376\377\000P\000l\000u\000r\000a\000l\000s\000\040\000:\000\040\000F\000e\000m\000i\000n\000i\000n\000e\000\040\000N\000o\000u\000n\000s}{subsection.1.3}% 10
\BOOKMARK [3][-]{subsubsection.1.3.3}{\376\377\000P\000l\000u\000r\000a\000l\000s\000\040\000N\000e\000u\000t\000e\000r\000\040\000N\000o\000u\000n\000s}{subsection.1.3}% 11
\BOOKMARK [2][-]{subsection.1.4}{\376\377\000C\000a\000s\000e\000s}{section.1}% 12
\BOOKMARK [3][-]{subsubsection.1.4.1}{\376\377\000N\000o\000m\000i\000n\000a\000t\000i\000v\000e}{subsection.1.4}% 13
\BOOKMARK [3][-]{subsubsection.1.4.2}{\376\377\000A\000c\000c\000u\000s\000a\000t\000i\000v\000e}{subsection.1.4}% 14
\BOOKMARK [3][-]{subsubsection.1.4.3}{\376\377\000D\000a\000t\000i\000v\000e}{subsection.1.4}% 15
\BOOKMARK [3][-]{subsubsection.1.4.4}{\376\377\000G\000e\000n\000e\000t\000i\000v\000e}{subsection.1.4}% 16
\BOOKMARK [2][-]{subsection.1.5}{\376\377\000n\000-\000D\000e\000c\000l\000i\000n\000a\000t\000i\000o\000n}{section.1}% 17
\BOOKMARK [2][-]{subsection.1.6}{\376\377\000C\000l\000a\000u\000s\000e\000s}{section.1}% 18
\BOOKMARK [2][-]{subsection.1.7}{\376\377\000N\000o\000u\000n\000\040\000C\000o\000n\000t\000r\000a\000c\000t\000i\000o\000n\000s}{section.1}% 19
\BOOKMARK [2][-]{subsection.1.8}{\376\377\000A\000d\000j\000e\000c\000t\000i\000v\000a\000l\000\040\000N\000o\000u\000n\000s}{section.1}% 20
\BOOKMARK [1][-]{section.2}{\376\377\000V\000e\000r\000b\000s}{}% 21
\BOOKMARK [2][-]{subsection.2.1}{\376\377\000I\000m\000p\000e\000r\000a\000t\000i\000v\000e}{section.2}% 22
\BOOKMARK [2][-]{subsection.2.2}{\376\377\000I\000r\000r\000e\000g\000u\000l\000a\000r\000\040\000/\000\040\000S\000t\000r\000o\000n\000g\000\040\000V\000e\000r\000b\000s}{section.2}% 23
\BOOKMARK [2][-]{subsection.2.3}{\376\377\000T\000e\000n\000s\000e\000s}{section.2}% 24
\BOOKMARK [3][-]{subsubsection.2.3.1}{\376\377\000P\000r\000e\000s\000e\000n\000t\000\040\000\050\000P\000r\000\344\000s\000e\000n\000s\000\051}{subsection.2.3}% 25
\BOOKMARK [3][-]{subsubsection.2.3.2}{\376\377\000P\000a\000r\000t\000i\000z\000i\000p\000\040\000I\000\040\000\050\000P\000a\000r\000t\000i\000z\000i\000p\000\040\000P\000r\000\344\000s\000e\000n\000s\000\051}{subsection.2.3}% 26
\BOOKMARK [3][-]{subsubsection.2.3.3}{\376\377\000P\000a\000r\000t\000i\000z\000i\000p\000\040\000I\000I\000\040\000\050\000P\000a\000r\000t\000z\000i\000p\000\040\000P\000e\000r\000f\000e\000k\000t\000\051}{subsection.2.3}% 27
\BOOKMARK [3][-]{subsubsection.2.3.4}{\376\377\000P\000r\000e\000s\000e\000n\000t\000\040\000P\000e\000r\000f\000e\000c\000t\000\040\000\050\000P\000e\000r\000f\000e\000k\000t\000\051}{subsection.2.3}% 28
\BOOKMARK [3][-]{subsubsection.2.3.5}{\376\377\000S\000i\000m\000p\000l\000e\000\040\000P\000a\000s\000t\000\040\000\050\000P\000r\000\344\000t\000e\000r\000i\000t\000u\000m\000\051}{subsection.2.3}% 29
\BOOKMARK [3][-]{subsubsection.2.3.6}{\376\377\000P\000a\000s\000t\000\040\000P\000e\000r\000f\000e\000c\000t\000\040\000\050\000P\000l\000u\000s\000q\000u\000a\000m\000p\000e\000r\000f\000e\000k\000t\000\051}{subsection.2.3}% 30
\BOOKMARK [3][-]{subsubsection.2.3.7}{\376\377\000F\000u\000t\000u\000r\000e\000\040\000\050\000F\000u\000t\000u\000r\000\040\000I\000\051}{subsection.2.3}% 31
\BOOKMARK [3][-]{subsubsection.2.3.8}{\376\377\000F\000u\000t\000u\000r\000e\000\040\000P\000e\000r\000f\000e\000c\000t\000\040\000\050\000F\000u\000t\000u\000r\000\040\000I\000I\000\051}{subsection.2.3}% 32
\BOOKMARK [2][-]{subsection.2.4}{\376\377\000K\000o\000n\000j\000u\000n\000k\000t\000i\000v\000\040\000I\000I}{section.2}% 33
\BOOKMARK [2][-]{subsection.2.5}{\376\377\000S\000p\000e\000c\000i\000a\000l\000\040\000V\000e\000r\000b\000s}{section.2}% 34
\BOOKMARK [3][-]{subsubsection.2.5.1}{\376\377\000W\000e\000r\000d\000e\000n}{subsection.2.5}% 35
\BOOKMARK [3][-]{subsubsection.2.5.2}{\376\377\000L\000a\000s\000s\000e\000n}{subsection.2.5}% 36
\BOOKMARK [2][-]{subsection.2.6}{\376\377\000M\000o\000d\000a\000l\000\040\000V\000e\000r\000b\000s}{section.2}% 37
\BOOKMARK [2][-]{subsection.2.7}{\376\377\000R\000e\000f\000l\000e\000x\000i\000v\000e\000\040\000V\000e\000r\000b\000s}{section.2}% 38
\BOOKMARK [2][-]{subsection.2.8}{\376\377\000V\000e\000r\000b\000\040\000C\000o\000n\000t\000r\000a\000c\000t\000i\000o\000n}{section.2}% 39
\BOOKMARK [1][-]{section.3}{\376\377\000P\000r\000o\000n\000o\000u\000n\000s}{}% 40
\BOOKMARK [2][-]{subsection.3.1}{\376\377\000P\000e\000r\000s\000o\000n\000a\000l}{section.3}% 41
\BOOKMARK [2][-]{subsection.3.2}{\376\377\000P\000o\000s\000s\000e\000s\000s\000i\000v\000e}{section.3}% 42
\BOOKMARK [2][-]{subsection.3.3}{\376\377\000R\000e\000f\000l\000e\000x\000i\000v\000e}{section.3}% 43
\BOOKMARK [2][-]{subsection.3.4}{\376\377\000I\000n\000d\000e\000f\000i\000n\000i\000t\000e\000\040\000P\000r\000o\000n\000o\000u\000n\000s}{section.3}% 44
\BOOKMARK [2][-]{subsection.3.5}{\376\377\000R\000e\000l\000a\000t\000i\000v\000e\000\040\000P\000r\000o\000n\000o\000u\000n\000s}{section.3}% 45
\BOOKMARK [1][-]{section.4}{\376\377\000P\000r\000e\000p\000o\000s\000i\000t\000i\000o\000n\000s}{}% 46
\BOOKMARK [2][-]{subsection.4.1}{\376\377\000A\000c\000c\000u\000s\000a\000t\000i\000v\000e\000\040\000p\000r\000e\000p\000o\000s\000i\000t\000i\000o\000n\000s}{section.4}% 47
\BOOKMARK [2][-]{subsection.4.2}{\376\377\000D\000a\000t\000i\000v\000e\000\040\000P\000r\000e\000p\000o\000s\000i\000t\000i\000o\000n\000s}{section.4}% 48
\BOOKMARK [2][-]{subsection.4.3}{\376\377\000W\000e\000c\000h\000s\000e\000l\000\040\000P\000r\000e\000p\000o\000s\000i\000t\000i\000o\000n\000s}{section.4}% 49
\BOOKMARK [2][-]{subsection.4.4}{\376\377\000G\000e\000n\000e\000t\000i\000v\000e\000\040\000P\000r\000e\000p\000o\000s\000i\000t\000i\000o\000n\000s}{section.4}% 50
\BOOKMARK [2][-]{subsection.4.5}{\376\377\000T\000e\000m\000p\000o\000r\000a\000l\000\040\000P\000r\000e\000p\000o\000s\000i\000t\000i\000o\000n\000s}{section.4}% 51
\BOOKMARK [2][-]{subsection.4.6}{\376\377\000S\000p\000a\000t\000i\000a\000l\000\040\000P\000r\000e\000p\000o\000s\000i\000t\000i\000o\000n\000s}{section.4}% 52
\BOOKMARK [2][-]{subsection.4.7}{\376\377\000P\000r\000o\000n\000o\000u\000n\000s\000\040\000w\000i\000t\000h\000\040\000P\000r\000e\000p\000o\000s\000i\000t\000i\000o\000n\000s}{section.4}% 53
\BOOKMARK [2][-]{subsection.4.8}{\376\377\000V\000e\000r\000b\000s\000\040\000w\000i\000t\000h\000\040\000p\000r\000e\000p\000o\000s\000i\000t\000i\000o\000n\000s}{section.4}% 54
\BOOKMARK [2][-]{subsection.4.9}{\376\377\000Z\000u}{section.4}% 55
\BOOKMARK [2][-]{subsection.4.10}{\376\377\000C\000o\000n\000t\000r\000a\000c\000t\000i\000o\000n\000s}{section.4}% 56
\BOOKMARK [1][-]{section.5}{\376\377\000A\000d\000j\000e\000c\000t\000i\000v\000e\000s}{}% 57
\BOOKMARK [2][-]{subsection.5.1}{\376\377\000C\000o\000m\000p\000a\000r\000a\000t\000i\000v\000e\000s}{section.5}% 58
\BOOKMARK [2][-]{subsection.5.2}{\376\377\000S\000u\000p\000e\000r\000l\000a\000t\000i\000v\000e\000s}{section.5}% 59
\BOOKMARK [2][-]{subsection.5.3}{\376\377\000I\000n\000d\000e\000f\000i\000n\000i\000t\000e\000\040\000A\000d\000j\000e\000c\000t\000i\000v\000e\000s}{section.5}% 60
\BOOKMARK [2][-]{subsection.5.4}{\376\377\000D\000e\000m\000o\000n\000s\000t\000r\000a\000t\000i\000v\000e\000\040\000A\000d\000j\000e\000c\000t\000i\000v\000e\000s}{section.5}% 61
\BOOKMARK [2][-]{subsection.5.5}{\376\377\000A\000d\000j\000e\000c\000t\000i\000v\000e\000s\000\040\000a\000s\000\040\000A\000d\000v\000e\000r\000b\000s}{section.5}% 62
\BOOKMARK [2][-]{subsection.5.6}{\376\377\000A\000d\000j\000e\000c\000t\000i\000v\000e\000s\000\040\000a\000s\000\040\000N\000o\000u\000n\000s}{section.5}% 63
\BOOKMARK [2][-]{subsection.5.7}{\376\377\000A\000d\000j\000e\000c\000t\000i\000v\000e\000\040\000C\000o\000n\000t\000r\000a\000c\000t\000o\000i\000n\000s}{section.5}% 64
\BOOKMARK [1][-]{section.6}{\376\377\000A\000d\000v\000e\000r\000b\000s}{}% 65
\BOOKMARK [2][-]{subsection.6.1}{\376\377\000T\000e\000m\000p\000o\000r\000a\000l\000\040\000A\000d\000v\000e\000r\000b\000s}{section.6}% 66
\BOOKMARK [2][-]{subsection.6.2}{\376\377\000F\000r\000e\000q\000u\000e\000n\000c\000y\000\040\000A\000d\000v\000e\000r\000b\000s}{section.6}% 67
\BOOKMARK [2][-]{subsection.6.3}{\376\377\000S\000p\000a\000t\000i\000a\000l\000\040\000/\000\040\000L\000o\000c\000a\000t\000i\000v\000e\000\040\000A\000d\000v\000e\000r\000b\000s}{section.6}% 68
\BOOKMARK [3][-]{subsubsection.6.3.1}{\376\377\000H\000i\000n\000-\000\040\000a\000n\000d\000\040\000H\000e\000r\000-}{subsection.6.3}% 69
\BOOKMARK [2][-]{subsection.6.4}{\376\377\000C\000a\000u\000s\000a\000l\000\040\000/\000\040\000C\000o\000n\000j\000u\000n\000c\000t\000i\000o\000n\000a\000l\000\040\000A\000d\000v\000e\000r\000b\000s}{section.6}% 70
\BOOKMARK [2][-]{subsection.6.5}{\376\377\000I\000n\000t\000e\000r\000r\000o\000g\000a\000t\000i\000v\000e\000\040\000a\000d\000v\000e\000r\000b\000s}{section.6}% 71
\BOOKMARK [2][-]{subsection.6.6}{\376\377\000A\000d\000v\000e\000r\000b\000s\000\040\000o\000f\000\040\000M\000a\000n\000n\000e\000r}{section.6}% 72
\BOOKMARK [2][-]{subsection.6.7}{\376\377\000P\000r\000o\000n\000o\000u\000n\000\040\000A\000d\000v\000e\000r\000b\000s}{section.6}% 73
\BOOKMARK [1][-]{section.7}{\376\377\000S\000e\000n\000t\000e\000n\000c\000e\000\040\000S\000t\000r\000u\000c\000t\000u\000r\000e\000s}{}% 74
\BOOKMARK [2][-]{subsection.7.1}{\376\377\000C\000l\000a\000u\000s\000e\000s}{section.7}% 75
\BOOKMARK [2][-]{subsection.7.2}{\376\377\000C\000o\000n\000j\000u\000n\000c\000t\000i\000o\000n\000s}{section.7}% 76
\BOOKMARK [2][-]{subsection.7.3}{\376\377\000C\000o\000j\000u\000n\000c\000t\000i\000o\000n\000s\000\040\000/\000\040\000C\000o\000n\000n\000e\000c\000t\000o\000r\000s}{section.7}% 77
\BOOKMARK [2][-]{subsection.7.4}{\376\377\000N\000e\000g\000a\000t\000i\000o\000n}{section.7}% 78
\BOOKMARK [2][-]{subsection.7.5}{\376\377\000P\000a\000s\000s\000i\000v\000e}{section.7}% 79
\BOOKMARK [2][-]{subsection.7.6}{\376\377\000I\000n\000f\000i\000n\000i\000t\000v\000e\000\040\000+\000\040\000Z\000u}{section.7}% 80
\BOOKMARK [2][-]{subsection.7.7}{\376\377\000D\000a\000m\000i\000t\000\040\000/\000\040\000U\000m\000\040\000.\000.\000\040\000Z\000u\000\040\000.\000.\000\040\000/\000\040\000Z\000u\000m}{section.7}% 81
\BOOKMARK [2][-]{subsection.7.8}{\376\377\000D\000o\000u\000b\000l\000e\000\040\000C\000o\000n\000n\000e\000c\000t\000o\000r\000s}{section.7}% 82
\BOOKMARK [1][-]{section.8}{\376\377\000R\000e\000f\000e\000r\000e\000n\000c\000e\000s}{}% 83
