\BOOKMARK [1][-]{Doc-Start}{\376\377\000L\000i\000s\000t\000\040\000o\000f\000\040\000T\000a\000b\000l\000e\000s}{}% 1
\BOOKMARK [1][-]{Doc-Start}{\376\377\000L\000i\000s\000t\000\040\000o\000f\000\040\000F\000i\000g\000u\000r\000e\000s}{}% 2
\BOOKMARK [1][-]{section.1}{\376\377\000I\000n\000t\000r\000o\000\040\000t\000o\000\040\000L\000i\000n\000u\000x\000\040\000S\000e\000c\000u\000r\000i\000t\000y}{}% 3
\BOOKMARK [2][-]{subsection.1.1}{\376\377\000D\000o\000\040\000I\000\040\000n\000e\000e\000d\000\040\000t\000o\000\040\000w\000o\000r\000r\000y}{section.1}% 4
\BOOKMARK [2][-]{subsection.1.2}{\376\377\000T\000h\000e\000\040\000`\000`\000H\000a\000c\000k\000e\000r\000'\000'\000\040\000W\000o\000r\000d}{section.1}% 5
\BOOKMARK [2][-]{subsection.1.3}{\376\377\000S\000e\000c\000u\000r\000i\000t\000y\000\040\000a\000n\000d\000\040\000L\000i\000n\000u\000x}{section.1}% 6
\BOOKMARK [1][-]{section.2}{\376\377\000F\000i\000r\000e\000w\000a\000l\000l\000s\000\040\000-\000\040\000T\000h\000e\000\040\000F\000i\000r\000s\000t\000\040\000L\000i\000n\000e}{}% 7
\BOOKMARK [2][-]{subsection.2.1}{\376\377\000W\000h\000a\000t\000\040\000i\000s\000\040\000a\000\040\000F\000i\000r\000e\000w\000a\000l\000l}{section.2}% 8
\BOOKMARK [2][-]{subsection.2.2}{\376\377\000H\000o\000w\000\040\000a\000\040\000f\000i\000r\000e\000w\000a\000l\000l\000\040\000w\000o\000r\000k\000s}{section.2}% 9
\BOOKMARK [3][-]{subsubsection.2.2.1}{\376\377\000S\000t\000e\000a\000l\000t\000h\000\040\000M\000o\000d\000e\000\040\000-\000\040\000D\000i\000s\000c\000a\000r\000d\000i\000n\000g\000\040\000P\000i\000n\000g\000s}{subsection.2.2}% 10
\BOOKMARK [3][-]{subsubsection.2.2.2}{\376\377\000P\000o\000r\000t\000\040\000F\000o\000r\000w\000a\000r\000d\000i\000n\000g\000\040\000a\000n\000d\000\040\000B\000l\000o\000c\000k\000i\000n\000g}{subsection.2.2}% 11
\BOOKMARK [3][-]{subsubsection.2.2.3}{\376\377\000P\000a\000c\000k\000e\000t\000\040\000F\000i\000l\000t\000e\000r\000i\000n\000g}{subsection.2.2}% 12
\BOOKMARK [1][-]{section.3}{\376\377\000U\000n\000d\000e\000r\000s\000t\000a\000n\000d\000i\000n\000g\000\040\000S\000e\000r\000v\000i\000c\000e\000s}{}% 13
\BOOKMARK [2][-]{subsection.3.1}{\376\377\000W\000e\000b\000\040\000S\000e\000r\000v\000e\000r\000\040\000-\000\040\000h\000t\000t\000p\000d\000\040\000-\000\040\000P\000o\000r\000t\000\040\0008\0000}{section.3}% 14
\BOOKMARK [2][-]{subsection.3.2}{\376\377\000R\000e\000m\000o\000t\000e\000\040\000L\000o\000g\000i\000n\000\040\000-\000\040\000t\000e\000l\000n\000e\000t\000\040\000-\000\040\000P\000o\000r\000t\000\040\0002\0005}{section.3}% 15
\BOOKMARK [2][-]{subsection.3.3}{\376\377\000S\000e\000c\000u\000r\000e\000\040\000R\000e\000m\000o\000t\000e\000\040\000L\000o\000g\000i\000n\000\040\000-\000\040\000s\000s\000h\000\040\000-\000\040\000P\000o\000r\000t\000\040\0002\0002}{section.3}% 16
\BOOKMARK [2][-]{subsection.3.4}{\376\377\000F\000i\000l\000e\000\040\000T\000r\000a\000n\000s\000f\000e\000r\000\040\000-\000\040\000f\000t\000p\000\040\000-\000\040\000P\000o\000r\000t\000\040\0002\0001}{section.3}% 17
\BOOKMARK [2][-]{subsection.3.5}{\376\377\000M\000a\000i\000l\000\040\000T\000r\000a\000n\000s\000f\000e\000r\000\040\000-\000\040\000S\000M\000T\000P\000\040\000-\000\040\000P\000o\000r\000t\000\040\0002\0005}{section.3}% 18
\BOOKMARK [1][-]{section.4}{\376\377\000L\000i\000n\000u\000x\000\040\000F\000i\000r\000e\000w\000a\000l\000l\000\040\000-\000\040\0002\000n\000d\000\040\000L\000i\000n\000e}{}% 19
\BOOKMARK [2][-]{subsection.4.1}{\376\377\000T\000h\000e\000\040\000l\000o\000k\000k\000i\000t\000\040\000C\000o\000m\000m\000a\000n\000d}{section.4}% 20
\BOOKMARK [1][-]{section.5}{\376\377\000L\000i\000n\000u\000x\000\040\000W\000i\000r\000e\000l\000e\000s\000s\000\040\000S\000e\000c\000u\000r\000i\000t\000y}{}% 21
\BOOKMARK [2][-]{subsection.5.1}{\376\377\000I\000n\000t\000r\000o\000\040\000t\000o\000\040\000W\000i\000r\000e\000l\000e\000s\000s\000\040\000S\000e\000c\000u\000r\000i\000t\000y}{section.5}% 22
\BOOKMARK [2][-]{subsection.5.2}{\376\377\000W\000h\000a\000t\000\040\000i\000s\000\040\000E\000n\000c\000r\000y\000p\000t\000i\000o\000n\000\040\000?}{section.5}% 23
\BOOKMARK [1][-]{section.6}{\376\377\000F\000i\000l\000e\000\040\000S\000y\000s\000t\000e\000m}{}% 24
\BOOKMARK [2][-]{subsection.6.1}{\376\377\000O\000r\000i\000g\000i\000n\000\040\000o\000f\000\040\000t\000h\000e\000\040\000T\000e\000r\000m}{section.6}% 25
\BOOKMARK [2][-]{subsection.6.2}{\376\377\000A\000r\000c\000h\000i\000t\000e\000c\000h\000t\000u\000r\000e}{section.6}% 26
\BOOKMARK [2][-]{subsection.6.3}{\376\377\000T\000y\000p\000e\000s\000\040\000o\000f\000\040\000F\000i\000l\000e\000\040\000S\000y\000s\000t\000e\000m\000s}{section.6}% 27
\BOOKMARK [3][-]{subsubsection.6.3.1}{\376\377\000F\000l\000a\000s\000h\000\040\000F\000i\000l\000e\000\040\000S\000y\000s\000t\000e\000m\000s}{subsection.6.3}% 28
\BOOKMARK [3][-]{subsubsection.6.3.2}{\376\377\000T\000a\000p\000e\000\040\000F\000i\000l\000e\000\040\000S\000y\000s\000t\000e\000m\000s}{subsection.6.3}% 29
\BOOKMARK [3][-]{subsubsection.6.3.3}{\376\377\000T\000r\000a\000n\000s\000a\000c\000t\000i\000o\000n\000a\000l\000\040\000F\000i\000l\000e\000\040\000S\000y\000s\000t\000e\000m\000s}{subsection.6.3}% 30
\BOOKMARK [3][-]{subsubsection.6.3.4}{\376\377\000N\000e\000t\000w\000o\000r\000k\000\040\000F\000i\000l\000e\000\040\000S\000y\000s\000t\000e\000m\000s}{subsection.6.3}% 31
\BOOKMARK [3][-]{subsubsection.6.3.5}{\376\377\000S\000h\000a\000r\000e\000d\000\040\000D\000i\000s\000k\000\040\000F\000i\000l\000e\000\040\000S\000y\000s\000t\000e\000m}{subsection.6.3}% 32
\BOOKMARK [3][-]{subsubsection.6.3.6}{\376\377\000D\000e\000v\000i\000c\000e\000\040\000F\000i\000l\000e\000\040\000S\000y\000s\000t\000e\000m}{subsection.6.3}% 33
\BOOKMARK [3][-]{subsubsection.6.3.7}{\376\377\000M\000i\000n\000i\000m\000a\000l\000\040\000F\000i\000l\000e\000\040\000S\000y\000s\000t\000e\000m}{subsection.6.3}% 34
\BOOKMARK [1][-]{section.7}{\376\377\000P\000O\000S\000I\000X}{}% 35
\BOOKMARK [2][-]{subsection.7.1}{\376\377\000N\000a\000m\000e}{section.7}% 36
\BOOKMARK [2][-]{subsection.7.2}{\376\377\000O\000v\000e\000r\000v\000i\000e\000w}{section.7}% 37
\BOOKMARK [2][-]{subsection.7.3}{\376\377\000S\000o\000m\000e\000\040\000D\000u\000d\000e\000\040\000o\000n\000\040\000S\000o\000f\000l\000w}{section.7}% 38
\BOOKMARK [1][-]{section.8}{\376\377\000U\000n\000i\000x}{}% 39
\BOOKMARK [1][-]{section.9}{\376\377\000L\000i\000n\000u\000x\000\040\000K\000e\000r\000n\000e\000l\000\040\000v\000s\000\040\000O\000s}{}% 40
\BOOKMARK [1][-]{section.10}{\376\377\000R\000e\000f\000e\000r\000e\000n\000c\000e\000s}{}% 41
